2023/10/23 03:53:00 [DEBUG] Home directory: /etc/hyperledger/fabric-ca-server
2023/10/23 03:53:00 [INFO] Configuration file location: /etc/hyperledger/fabric-ca-server/fabric-ca-server-config.yaml
2023/10/23 03:53:00 [INFO] Starting server in home directory: /etc/hyperledger/fabric-ca-server
2023/10/23 03:53:00 [WARNING] Unknown provider type: ; metrics disabled
2023/10/23 03:53:00 [DEBUG] Set log level: 
2023/10/23 03:53:00 [INFO] Server Version: v1.5.7
2023/10/23 03:53:00 [INFO] Server Levels: &{Identity:2 Affiliation:1 Certificate:1 Credential:1 RAInfo:1 Nonce:1}
2023/10/23 03:53:00 [DEBUG] Making server filenames absolute
2023/10/23 03:53:00 [DEBUG] Initializing default CA in directory /etc/hyperledger/fabric-ca-server
2023/10/23 03:53:00 [DEBUG] Init CA with home /etc/hyperledger/fabric-ca-server and config {Version:1.2.0 Cfg:{Identities:{PasswordAttempts:10 AllowRemove:false} Affiliations:{AllowRemove:false}} CA:{Name:ca-org1 Keyfile: Certfile:ca-cert.pem Chainfile:ca-chain.pem ReenrollIgnoreCertExpiry:false} Signing:0xc00035ab80 CSR:{CN:ca.org1.example.com Names:[{C:US ST:North Carolina L:Durham O:org1.example.com OU: SerialNumber:}] Hosts:[localhost org1.example.com] KeyRequest:0xc0006325e0 CA:0xc00046ea20 SerialNumber:} Registry:{MaxEnrollments:-1 Identities:[{ Name:**** Pass:**** Type:client Affiliation: MaxEnrollments:0 Attrs:map[hf.AffiliationMgr:1 hf.GenCRL:1 hf.IntermediateCA:1 hf.Registrar.Attributes:* hf.Registrar.DelegateRoles:* hf.Registrar.Roles:* hf.Revoker:1]  }]} Affiliations:map[org1:[department1 department2] org2:[department1]] LDAP:{ Enabled:false URL:ldap://****:****@<host>:<port>/<base> UserFilter:(uid=%s) GroupFilter:(memberUid=%s) Attribute:{[uid member] [{ }] map[groups:[{ }]]} TLS:{false [] { }}  } DB:{ Type:sqlite3 Datasource:fabric-ca-server.db TLS:{false [] { }}  } CSP:0xc00046ec30 Client:<nil> Intermediate:{ParentServer:{ URL: CAName:  } TLS:{Enabled:false CertFiles:[] Client:{KeyFile: CertFile:}} Enrollment:{ Name: Secret:**** CAName: AttrReqs:[] Profile: Label: CSR:<nil> Type:x509  }} CRL:{Expiry:24h0m0s} Idemix:{Curve:amcl.Fp256bn IssuerPublicKeyfile: IssuerSecretKeyfile: RevocationPublicKeyfile: RevocationPrivateKeyfile: RHPoolSize:100 NonceExpiration:15s NonceSweepInterval:15m}}
2023/10/23 03:53:00 [DEBUG] CA Home Directory: /etc/hyperledger/fabric-ca-server
2023/10/23 03:53:00 [DEBUG] Checking configuration file version '1.2.0' against server version: 'v1.5.7'
2023/10/23 03:53:00 [DEBUG] Initializing BCCSP: &{ProviderName:SW SwOpts:0xc00046ec90 PluginOpts:<nil> Pkcs11Opts:<nil>}
2023/10/23 03:53:00 [DEBUG] Initializing BCCSP with software options &{SecLevel:256 HashFamily:SHA2 FileKeystore:0xc0003e41e0 DummyKeystore:<nil> InmemKeystore:<nil>}
2023/10/23 03:53:00 [DEBUG] Initialize key material
2023/10/23 03:53:00 [DEBUG] Making CA filenames absolute
2023/10/23 03:53:00 [WARNING] &{69 The specified CA certificate file /etc/hyperledger/fabric-ca-server/ca-cert.pem does not exist}
2023/10/23 03:53:00 [DEBUG] Root CA certificate request: {CN:ca.org1.example.com Names:[{C:US ST:North Carolina L:Durham O:org1.example.com OU: SerialNumber:}] Hosts:[localhost org1.example.com] KeyRequest:0xc00012c9d8 CA:0xc00046ea20 SerialNumber:}
2023/10/23 03:53:00 [INFO] generating key: &{A:ecdsa S:256}
2023/10/23 03:53:00 [DEBUG] generate key from request: algo=ecdsa, size=256
2023/10/23 03:53:00 [INFO] encoded CSR
2023/10/23 03:53:00 [DEBUG] validating configuration
2023/10/23 03:53:00 [DEBUG] validate local profile
2023/10/23 03:53:00 [DEBUG] profile is valid
2023/10/23 03:53:00 [INFO] signed certificate with serial number 167751100786342893340170968967887823618867326822
2023/10/23 03:53:00 [INFO] The CA key and certificate were generated for CA ca-org1
2023/10/23 03:53:00 [INFO] The key was stored by BCCSP provider 'SW'
2023/10/23 03:53:00 [INFO] The certificate is at: /etc/hyperledger/fabric-ca-server/ca-cert.pem
2023/10/23 03:53:00 [DEBUG] Initializing DB
2023/10/23 03:53:00 [DEBUG] Initializing 'sqlite3' database at '/etc/hyperledger/fabric-ca-server/fabric-ca-server.db'
2023/10/23 03:53:00 [DEBUG] Using sqlite database, connect to database in home (/etc/hyperledger/fabric-ca-server/fabric-ca-server.db) directory
2023/10/23 03:53:00 [DEBUG] Creating SQLite database (/etc/hyperledger/fabric-ca-server/fabric-ca-server.db) if it does not exist...
2023/10/23 03:53:00 [DEBUG] Creating users table if it does not exist
2023/10/23 03:53:00 [DEBUG] Creating affiliations table if it does not exist
2023/10/23 03:53:00 [DEBUG] Creating certificates table if it does not exist
2023/10/23 03:53:00 [DEBUG] Creating credentials table if it does not exist
2023/10/23 03:53:00 [DEBUG] Creating revocation_authority_info table if it does not exist
2023/10/23 03:53:00 [DEBUG] Creating nonces table if it does not exist
2023/10/23 03:53:00 [DEBUG] Creating properties table if it does not exist
2023/10/23 03:53:00 [DEBUG] Successfully opened sqlite3 DB
2023/10/23 03:53:00 [DEBUG] Initializing identity registry
2023/10/23 03:53:00 [DEBUG] Initialized DB identity registry
2023/10/23 03:53:00 [DEBUG] Checking database levels '&{Identity:0 Affiliation:0 Certificate:0 Credential:0 RAInfo:0 Nonce:0}' against server levels '&{Identity:2 Affiliation:1 Certificate:1 Credential:1 RAInfo:1 Nonce:1}'
2023/10/23 03:53:00 [DEBUG] Migrating users table...
2023/10/23 03:53:00 [DEBUG] Upgrade identity table to level 1
2023/10/23 03:53:00 [DEBUG] Creating users table if it does not exist
2023/10/23 03:53:00 [DEBUG] Upgrade identity table to level 2
2023/10/23 03:53:00 [DEBUG] Creating users table if it does not exist
2023/10/23 03:53:00 [DEBUG] Migrating affiliation table...
2023/10/23 03:53:00 [DEBUG] Upgrade affiliations table to level 1
2023/10/23 03:53:00 [DEBUG] Creating affiliations table if it does not exist
2023/10/23 03:53:00 [DEBUG] Upgrade certificates table...
2023/10/23 03:53:00 [DEBUG] Upgrade certificates table to level 1
2023/10/23 03:53:00 [DEBUG] Creating certificates table if it does not exist
2023/10/23 03:53:00 [DEBUG] Migrating credentials table...
2023/10/23 03:53:00 [DEBUG] Migrating nonces table...
2023/10/23 03:53:00 [DEBUG] Migrating revocation_authority_info table...
2023/10/23 03:53:00 [DEBUG] Loading identity table
2023/10/23 03:53:00 [DEBUG] Loading identity 'admin'
2023/10/23 03:53:00 [DEBUG] DB: Getting identity admin
2023/10/23 03:53:00 [DEBUG] Max enrollment value verification - User specified max enrollment: 0, CA max enrollment: -1
2023/10/23 03:53:00 [DEBUG] DB: Add identity admin
2023/10/23 03:53:00 [DEBUG] Successfully added identity admin to the database
2023/10/23 03:53:00 [DEBUG] Registered identity: { Name:**** Pass:**** Type:client Affiliation: MaxEnrollments:-1 Attrs:map[hf.AffiliationMgr:1 hf.GenCRL:1 hf.IntermediateCA:1 hf.Registrar.Attributes:* hf.Registrar.DelegateRoles:* hf.Registrar.Roles:* hf.Revoker:1]  }
2023/10/23 03:53:00 [DEBUG] Successfully loaded identity table
2023/10/23 03:53:00 [DEBUG] Loading affiliations table
2023/10/23 03:53:00 [DEBUG] DB: Add affiliation org2
2023/10/23 03:53:00 [DEBUG] Affiliation 'org2' added
2023/10/23 03:53:00 [DEBUG] DB: Add affiliation org2.department1
2023/10/23 03:53:00 [DEBUG] Affiliation 'org2.department1' added
2023/10/23 03:53:00 [DEBUG] DB: Add affiliation org1
2023/10/23 03:53:01 [DEBUG] Affiliation 'org1' added
2023/10/23 03:53:01 [DEBUG] DB: Add affiliation org1.department1
2023/10/23 03:53:01 [DEBUG] Affiliation 'org1.department1' added
2023/10/23 03:53:01 [DEBUG] DB: Add affiliation org1.department2
2023/10/23 03:53:01 [DEBUG] Affiliation 'org1.department2' added
2023/10/23 03:53:01 [DEBUG] Successfully loaded affiliations table
2023/10/23 03:53:01 [INFO] Initialized sqlite3 database at /etc/hyperledger/fabric-ca-server/fabric-ca-server.db
2023/10/23 03:53:01 [DEBUG] Initializing enrollment signer
2023/10/23 03:53:01 [DEBUG] validating configuration
2023/10/23 03:53:01 [DEBUG] validate local profile
2023/10/23 03:53:01 [DEBUG] profile is valid
2023/10/23 03:53:01 [DEBUG] validate local profile
2023/10/23 03:53:01 [DEBUG] profile is valid
2023/10/23 03:53:01 [DEBUG] validate local profile
2023/10/23 03:53:01 [DEBUG] profile is valid
2023/10/23 03:53:01 [DEBUG] CA initialization successful
2023/10/23 03:53:01 [DEBUG] Initializing Idemix issuer...
2023/10/23 03:53:01 [DEBUG] Using curve amcl.Fp256bn for Idemix
2023/10/23 03:53:01 [DEBUG] renew is set to [false]
2023/10/23 03:53:01 [DEBUG] pubKeyFileExists && privKeyFileExists : [/etc/hyperledger/fabric-ca-server/IssuerPublicKey:%!s(bool=false)][/etc/hyperledger/fabric-ca-server/msp/keystore/IssuerSecretKey:%!s(bool=false)]
2023/10/23 03:53:01 [DEBUG] Idemix issuer public and secret keys were generated for CA 'ca-org1'
2023/10/23 03:53:01 [INFO] The issuer key was successfully stored. The public key is at: /etc/hyperledger/fabric-ca-server/IssuerPublicKey, secret key is at: /etc/hyperledger/fabric-ca-server/msp/keystore/IssuerSecretKey
2023/10/23 03:53:01 [DEBUG] Intializing revocation authority for issuer 'ca-org1'
2023/10/23 03:53:01 [DEBUG] Initialize Idemix issuer revocation key material
2023/10/23 03:53:01 [INFO] Idemix issuer revocation public and secret keys were generated for CA 'ca-org1'
2023/10/23 03:53:01 [INFO] The revocation key was successfully stored. The public key is at: /etc/hyperledger/fabric-ca-server/IssuerRevocationPublicKey, private key is at: /etc/hyperledger/fabric-ca-server/msp/keystore/IssuerRevocationPrivateKey
2023/10/23 03:53:01 [DEBUG] Intializing nonce manager for issuer 'ca-org1'
2023/10/23 03:53:01 [INFO] Home directory for default CA: /etc/hyperledger/fabric-ca-server
2023/10/23 03:53:01 [DEBUG] 1 CA instance(s) running on server
2023/10/23 03:53:01 [INFO] Operation Server Listening on [::]:17054
2023/10/23 03:53:01 [DEBUG] TLS is enabled
2023/10/23 03:53:01 [DEBUG] TLS enabled but either certificate or key file does not exist, automatically generating TLS credentials
2023/10/23 03:53:01 [DEBUG] TLS CSR: {CN:ca.org1.example.com Names:[{C:US ST:North Carolina L:Durham O:org1.example.com OU: SerialNumber:}] Hosts:[localhost org1.example.com] KeyRequest:0xc000632aa0 CA:<nil> SerialNumber:}
2023/10/23 03:53:01 [DEBUG] GenCSR &{CN:ca.org1.example.com Names:[{C:US ST:North Carolina L:Durham O:org1.example.com OU: SerialNumber:}] Hosts:[localhost org1.example.com] KeyRequest:0xc000632aa0 CA:<nil> SerialNumber:}
2023/10/23 03:53:01 [DEBUG] Initializing client with config: &{URL: MSPDir: TLS:{Enabled:false CertFiles:[] Client:{KeyFile: CertFile:}} Enrollment:{ Name: Secret:**** CAName: AttrReqs:[] Profile: Label: CSR:<nil> Type:  } CSR:{CN: Names:[] Hosts:[] KeyRequest:<nil> CA:<nil> SerialNumber:} ID:{Name: Type: Secret: MaxEnrollments:0 Affiliation: Attributes:[] CAName:} Revoke:{Name: Serial: AKI: Reason: CAName: GenCRL:false} CAInfo:{CAName:} CAName: CSP:0xc00046ec30 Debug:false LogLevel: Idemix:{Curve:}}
2023/10/23 03:53:01 [DEBUG] Initializing BCCSP: &{ProviderName:SW SwOpts:0xc00046ec90 PluginOpts:<nil> Pkcs11Opts:<nil>}
2023/10/23 03:53:01 [DEBUG] Initializing BCCSP with software options &{SecLevel:256 HashFamily:SHA2 FileKeystore:0xc0003e41e0 DummyKeystore:<nil> InmemKeystore:<nil>}
2023/10/23 03:53:01 [DEBUG] CurveID for Idemix not specified, defaulting to amcl.Fp256bn
2023/10/23 03:53:01 [INFO] generating key: &{A:ecdsa S:256}
2023/10/23 03:53:01 [DEBUG] generate key from request: algo=ecdsa, size=256
2023/10/23 03:53:01 [INFO] encoded CSR
2023/10/23 03:53:01 [INFO] signed certificate with serial number 638989447316186423514734187269843518670478922850
2023/10/23 03:53:01 [DEBUG] DB: Insert Certificate
2023/10/23 03:53:01 [DEBUG] Saved serial number as hex 6fed471de35959697cae184cd2c3f644ac425462
2023/10/23 03:53:01 [DEBUG] saved certificate with serial number 638989447316186423514734187269843518670478922850
2023/10/23 03:53:01 [DEBUG] Generated TLS Certificate: /etc/hyperledger/fabric-ca-server/tls-cert.pem
2023/10/23 03:53:01 [DEBUG] Client authentication type requested: noclientcert
2023/10/23 03:53:01 [INFO] Listening on https://0.0.0.0:7054
2023/10/23 03:53:01 [DEBUG] Received request for /enroll
2023/10/23 03:53:01 [DEBUG] ca.Config: &{Version:1.2.0 Cfg:{Identities:{PasswordAttempts:10 AllowRemove:false} Affiliations:{AllowRemove:false}} CA:{Name:ca-org1 Keyfile:/etc/hyperledger/fabric-ca-server/ca-key.pem Certfile:/etc/hyperledger/fabric-ca-server/ca-cert.pem Chainfile:/etc/hyperledger/fabric-ca-server/ca-chain.pem ReenrollIgnoreCertExpiry:false} Signing:0xc00035ab80 CSR:{CN:ca.org1.example.com Names:[{C:US ST:North Carolina L:Durham O:org1.example.com OU: SerialNumber:}] Hosts:[localhost org1.example.com] KeyRequest:0xc000632aa0 CA:0xc00046ea20 SerialNumber:} Registry:{MaxEnrollments:-1 Identities:[{ Name:**** Pass:**** Type:client Affiliation: MaxEnrollments:0 Attrs:map[hf.AffiliationMgr:1 hf.GenCRL:1 hf.IntermediateCA:1 hf.Registrar.Attributes:* hf.Registrar.DelegateRoles:* hf.Registrar.Roles:* hf.Revoker:1]  }]} Affiliations:map[org1:[department1 department2] org2:[department1]] LDAP:{ Enabled:false URL:ldap://****:****@<host>:<port>/<base> UserFilter:(uid=%s) GroupFilter:(memberUid=%s) Attribute:{[uid member] [{ }] map[groups:[{ }]]} TLS:{false [] { }}  } DB:{ Type:sqlite3 Datasource:/etc/hyperledger/fabric-ca-server/fabric-ca-server.db TLS:{false [] { }}  } CSP:0xc00046ec30 Client:<nil> Intermediate:{ParentServer:{ URL: CAName:  } TLS:{Enabled:false CertFiles:[] Client:{KeyFile: CertFile:}} Enrollment:{ Name: Secret:**** CAName: AttrReqs:[] Profile: Label: CSR:<nil> Type:x509  }} CRL:{Expiry:24h0m0s} Idemix:{Curve:amcl.Fp256bn IssuerPublicKeyfile:/etc/hyperledger/fabric-ca-server/IssuerPublicKey IssuerSecretKeyfile:/etc/hyperledger/fabric-ca-server/msp/keystore/IssuerSecretKey RevocationPublicKeyfile:/etc/hyperledger/fabric-ca-server/IssuerRevocationPublicKey RevocationPrivateKeyfile:/etc/hyperledger/fabric-ca-server/msp/keystore/IssuerRevocationPrivateKey RHPoolSize:100 NonceExpiration:15s NonceSweepInterval:15m}}
2023/10/23 03:53:01 [DEBUG] DB: Getting identity admin
2023/10/23 03:53:01 [DEBUG] DB: Login user admin with max enrollments of -1 and state of 0
2023/10/23 03:53:01 [DEBUG] DB: identity admin successfully logged in
2023/10/23 03:53:01 [DEBUG] DB: Getting identity admin
2023/10/23 03:53:01 [DEBUG] Requested expiry '0001-01-01 00:00:00 +0000 UTC' is before the CA certificate expiry '2023-10-23 03:48:00 +0000 UTC'. Will use CA cert expiry
2023/10/23 03:53:01 [DEBUG] Processing sign request: id=admin, CommonName=admin, Subject=<nil>
2023/10/23 03:53:01 [DEBUG] Request is not for a CA signing certificate
2023/10/23 03:53:01 [DEBUG] Checking CSR fields to make sure that they do not exceed maximum character limits
2023/10/23 03:53:01 [DEBUG] Finished processing sign request
2023/10/23 03:53:01 [DEBUG] DB: Getting identity admin
2023/10/23 03:53:01 [INFO] signed certificate with serial number 410678043374688213477148522601030499141381583464
2023/10/23 03:53:01 [DEBUG] DB: Insert Certificate
2023/10/23 03:53:01 [DEBUG] Saved serial number as hex 47ef70bbfbf735dfc511b6770337a68f4004f268
2023/10/23 03:53:01 [DEBUG] saved certificate with serial number 410678043374688213477148522601030499141381583464
2023/10/23 03:53:01 [DEBUG] Successfully incremented state for identity admin to 1
2023/10/23 03:53:01 [INFO] 172.19.0.1:56234 POST /enroll 201 0 "OK"
2023/10/23 03:53:01 [DEBUG] Received request for /register
2023/10/23 03:53:01 [DEBUG] Caller is using a x509 certificate
2023/10/23 03:53:01 [DEBUG] Certicate Dates: NotAfter = 2024-10-22 03:53:00 +0000 UTC NotBefore = 2023-10-23 03:48:00 +0000 UTC 
2023/10/23 03:53:01 [DEBUG] Checking for revocation/expiration of certificate owned by 'admin'
2023/10/23 03:53:01 [DEBUG] DB: Get certificate by serial (47ef70bbfbf735dfc511b6770337a68f4004f268) and aki (22be0f3291a35d67b17e9f9e227e16cd933de474)
2023/10/23 03:53:01 [DEBUG] DB: Getting identity admin
2023/10/23 03:53:01 [DEBUG] Successful token authentication of 'admin'
2023/10/23 03:53:01 [DEBUG] Received registration request from admin: { Name:peer0 Type:peer Secret:**** MaxEnrollments:0 Affiliation: Attributes:[] CAName:ca-org1  }
2023/10/23 03:53:01 [DEBUG] No affiliation provided in registration request, will default to using registrar's affiliation of ''
2023/10/23 03:53:01 [DEBUG] canRegister - Check to see if user 'admin' can register
2023/10/23 03:53:01 [DEBUG] Checking to see if caller 'admin' can act on type 'peer'
2023/10/23 03:53:01 [DEBUG] Checking to see if caller 'admin' is a registrar
2023/10/23 03:53:01 [DEBUG] Validating affiliation: 
2023/10/23 03:53:01 [DEBUG] Checking to see if affiliation '' contains caller's affiliation ''
2023/10/23 03:53:01 [DEBUG] Caller has root affiliation
2023/10/23 03:53:01 [DEBUG] Registering user id: peer0
2023/10/23 03:53:01 [DEBUG] Max enrollment value verification - User specified max enrollment: 0, CA max enrollment: -1
2023/10/23 03:53:01 [DEBUG] DB: Getting identity peer0
2023/10/23 03:53:01 [DEBUG] DB: Add identity peer0
2023/10/23 03:53:01 [DEBUG] Successfully added identity peer0 to the database
2023/10/23 03:53:01 [INFO] 172.19.0.1:56244 POST /register 201 0 "OK"
2023/10/23 03:53:01 [DEBUG] Received request for /register
2023/10/23 03:53:01 [DEBUG] Caller is using a x509 certificate
2023/10/23 03:53:01 [DEBUG] Certicate Dates: NotAfter = 2024-10-22 03:53:00 +0000 UTC NotBefore = 2023-10-23 03:48:00 +0000 UTC 
2023/10/23 03:53:01 [DEBUG] Checking for revocation/expiration of certificate owned by 'admin'
2023/10/23 03:53:01 [DEBUG] DB: Get certificate by serial (47ef70bbfbf735dfc511b6770337a68f4004f268) and aki (22be0f3291a35d67b17e9f9e227e16cd933de474)
2023/10/23 03:53:01 [DEBUG] DB: Getting identity admin
2023/10/23 03:53:01 [DEBUG] Successful token authentication of 'admin'
2023/10/23 03:53:01 [DEBUG] Received registration request from admin: { Name:user1 Type:client Secret:**** MaxEnrollments:0 Affiliation: Attributes:[] CAName:ca-org1  }
2023/10/23 03:53:01 [DEBUG] No affiliation provided in registration request, will default to using registrar's affiliation of ''
2023/10/23 03:53:01 [DEBUG] canRegister - Check to see if user 'admin' can register
2023/10/23 03:53:01 [DEBUG] Checking to see if caller 'admin' can act on type 'client'
2023/10/23 03:53:01 [DEBUG] Checking to see if caller 'admin' is a registrar
2023/10/23 03:53:01 [DEBUG] Validating affiliation: 
2023/10/23 03:53:01 [DEBUG] Checking to see if affiliation '' contains caller's affiliation ''
2023/10/23 03:53:01 [DEBUG] Caller has root affiliation
2023/10/23 03:53:01 [DEBUG] Registering user id: user1
2023/10/23 03:53:01 [DEBUG] Max enrollment value verification - User specified max enrollment: 0, CA max enrollment: -1
2023/10/23 03:53:01 [DEBUG] DB: Getting identity user1
2023/10/23 03:53:01 [DEBUG] DB: Add identity user1
2023/10/23 03:53:01 [DEBUG] Successfully added identity user1 to the database
2023/10/23 03:53:01 [INFO] 172.19.0.1:56250 POST /register 201 0 "OK"
2023/10/23 03:53:02 [DEBUG] Received request for /register
2023/10/23 03:53:02 [DEBUG] Caller is using a x509 certificate
2023/10/23 03:53:02 [DEBUG] Certicate Dates: NotAfter = 2024-10-22 03:53:00 +0000 UTC NotBefore = 2023-10-23 03:48:00 +0000 UTC 
2023/10/23 03:53:02 [DEBUG] Checking for revocation/expiration of certificate owned by 'admin'
2023/10/23 03:53:02 [DEBUG] DB: Get certificate by serial (47ef70bbfbf735dfc511b6770337a68f4004f268) and aki (22be0f3291a35d67b17e9f9e227e16cd933de474)
2023/10/23 03:53:02 [DEBUG] DB: Getting identity admin
2023/10/23 03:53:02 [DEBUG] Successful token authentication of 'admin'
2023/10/23 03:53:02 [DEBUG] Received registration request from admin: { Name:org1admin Type:admin Secret:**** MaxEnrollments:0 Affiliation: Attributes:[] CAName:ca-org1  }
2023/10/23 03:53:02 [DEBUG] No affiliation provided in registration request, will default to using registrar's affiliation of ''
2023/10/23 03:53:02 [DEBUG] canRegister - Check to see if user 'admin' can register
2023/10/23 03:53:02 [DEBUG] Checking to see if caller 'admin' can act on type 'admin'
2023/10/23 03:53:02 [DEBUG] Checking to see if caller 'admin' is a registrar
2023/10/23 03:53:02 [DEBUG] Validating affiliation: 
2023/10/23 03:53:02 [DEBUG] Checking to see if affiliation '' contains caller's affiliation ''
2023/10/23 03:53:02 [DEBUG] Caller has root affiliation
2023/10/23 03:53:02 [DEBUG] Registering user id: org1admin
2023/10/23 03:53:02 [DEBUG] Max enrollment value verification - User specified max enrollment: 0, CA max enrollment: -1
2023/10/23 03:53:02 [DEBUG] DB: Getting identity org1admin
2023/10/23 03:53:02 [DEBUG] DB: Add identity org1admin
2023/10/23 03:53:02 [DEBUG] Successfully added identity org1admin to the database
2023/10/23 03:53:02 [INFO] 172.19.0.1:56258 POST /register 201 0 "OK"
2023/10/23 03:53:02 [DEBUG] Received request for /enroll
2023/10/23 03:53:02 [DEBUG] ca.Config: &{Version:1.2.0 Cfg:{Identities:{PasswordAttempts:10 AllowRemove:false} Affiliations:{AllowRemove:false}} CA:{Name:ca-org1 Keyfile:/etc/hyperledger/fabric-ca-server/ca-key.pem Certfile:/etc/hyperledger/fabric-ca-server/ca-cert.pem Chainfile:/etc/hyperledger/fabric-ca-server/ca-chain.pem ReenrollIgnoreCertExpiry:false} Signing:0xc00035ab80 CSR:{CN:ca.org1.example.com Names:[{C:US ST:North Carolina L:Durham O:org1.example.com OU: SerialNumber:}] Hosts:[localhost org1.example.com] KeyRequest:0xc000632aa0 CA:0xc00046ea20 SerialNumber:} Registry:{MaxEnrollments:-1 Identities:[{ Name:**** Pass:**** Type:client Affiliation: MaxEnrollments:0 Attrs:map[hf.AffiliationMgr:1 hf.GenCRL:1 hf.IntermediateCA:1 hf.Registrar.Attributes:* hf.Registrar.DelegateRoles:* hf.Registrar.Roles:* hf.Revoker:1]  }]} Affiliations:map[org1:[department1 department2] org2:[department1]] LDAP:{ Enabled:false URL:ldap://****:****@<host>:<port>/<base> UserFilter:(uid=%s) GroupFilter:(memberUid=%s) Attribute:{[uid member] [{ }] map[groups:[{ }]]} TLS:{false [] { }}  } DB:{ Type:sqlite3 Datasource:/etc/hyperledger/fabric-ca-server/fabric-ca-server.db TLS:{false [] { }}  } CSP:0xc00046ec30 Client:<nil> Intermediate:{ParentServer:{ URL: CAName:  } TLS:{Enabled:false CertFiles:[] Client:{KeyFile: CertFile:}} Enrollment:{ Name: Secret:**** CAName: AttrReqs:[] Profile: Label: CSR:<nil> Type:x509  }} CRL:{Expiry:24h0m0s} Idemix:{Curve:amcl.Fp256bn IssuerPublicKeyfile:/etc/hyperledger/fabric-ca-server/IssuerPublicKey IssuerSecretKeyfile:/etc/hyperledger/fabric-ca-server/msp/keystore/IssuerSecretKey RevocationPublicKeyfile:/etc/hyperledger/fabric-ca-server/IssuerRevocationPublicKey RevocationPrivateKeyfile:/etc/hyperledger/fabric-ca-server/msp/keystore/IssuerRevocationPrivateKey RHPoolSize:100 NonceExpiration:15s NonceSweepInterval:15m}}
2023/10/23 03:53:02 [DEBUG] DB: Getting identity peer0
2023/10/23 03:53:02 [DEBUG] DB: Login user peer0 with max enrollments of -1 and state of 0
2023/10/23 03:53:02 [DEBUG] DB: identity peer0 successfully logged in
2023/10/23 03:53:02 [DEBUG] DB: Getting identity peer0
2023/10/23 03:53:02 [DEBUG] Requested expiry '0001-01-01 00:00:00 +0000 UTC' is before the CA certificate expiry '2023-10-23 03:48:00 +0000 UTC'. Will use CA cert expiry
2023/10/23 03:53:02 [DEBUG] Processing sign request: id=peer0, CommonName=peer0, Subject=<nil>
2023/10/23 03:53:02 [DEBUG] Request is not for a CA signing certificate
2023/10/23 03:53:02 [DEBUG] Checking CSR fields to make sure that they do not exceed maximum character limits
2023/10/23 03:53:02 [DEBUG] Finished processing sign request
2023/10/23 03:53:02 [DEBUG] DB: Getting identity peer0
2023/10/23 03:53:02 [DEBUG] Attribute extension being added to certificate is: &{ID:[1 2 3 4 5 6 7 8 1] Critical:false Value:7b226174747273223a7b2268662e416666696c696174696f6e223a22222c2268662e456e726f6c6c6d656e744944223a227065657230222c2268662e54797065223a2270656572227d7d}
2023/10/23 03:53:02 [DEBUG] Adding attribute extension to CSR: &{ID:[1 2 3 4 5 6 7 8 1] Critical:false Value:7b226174747273223a7b2268662e416666696c696174696f6e223a22222c2268662e456e726f6c6c6d656e744944223a227065657230222c2268662e54797065223a2270656572227d7d}
2023/10/23 03:53:02 [INFO] signed certificate with serial number 574297104930989100401967813080072921391204531042
2023/10/23 03:53:02 [DEBUG] DB: Insert Certificate
2023/10/23 03:53:02 [DEBUG] Saved serial number as hex 64985f7259950a04ab0b80df7a72e16c53a5fb62
2023/10/23 03:53:02 [DEBUG] saved certificate with serial number 574297104930989100401967813080072921391204531042
2023/10/23 03:53:02 [DEBUG] Successfully incremented state for identity peer0 to 1
2023/10/23 03:53:02 [INFO] 172.19.0.1:56270 POST /enroll 201 0 "OK"
2023/10/23 03:53:02 [DEBUG] Received request for /enroll
2023/10/23 03:53:02 [DEBUG] ca.Config: &{Version:1.2.0 Cfg:{Identities:{PasswordAttempts:10 AllowRemove:false} Affiliations:{AllowRemove:false}} CA:{Name:ca-org1 Keyfile:/etc/hyperledger/fabric-ca-server/ca-key.pem Certfile:/etc/hyperledger/fabric-ca-server/ca-cert.pem Chainfile:/etc/hyperledger/fabric-ca-server/ca-chain.pem ReenrollIgnoreCertExpiry:false} Signing:0xc00035ab80 CSR:{CN:ca.org1.example.com Names:[{C:US ST:North Carolina L:Durham O:org1.example.com OU: SerialNumber:}] Hosts:[localhost org1.example.com] KeyRequest:0xc000632aa0 CA:0xc00046ea20 SerialNumber:} Registry:{MaxEnrollments:-1 Identities:[{ Name:**** Pass:**** Type:client Affiliation: MaxEnrollments:0 Attrs:map[hf.AffiliationMgr:1 hf.GenCRL:1 hf.IntermediateCA:1 hf.Registrar.Attributes:* hf.Registrar.DelegateRoles:* hf.Registrar.Roles:* hf.Revoker:1]  }]} Affiliations:map[org1:[department1 department2] org2:[department1]] LDAP:{ Enabled:false URL:ldap://****:****@<host>:<port>/<base> UserFilter:(uid=%s) GroupFilter:(memberUid=%s) Attribute:{[uid member] [{ }] map[groups:[{ }]]} TLS:{false [] { }}  } DB:{ Type:sqlite3 Datasource:/etc/hyperledger/fabric-ca-server/fabric-ca-server.db TLS:{false [] { }}  } CSP:0xc00046ec30 Client:<nil> Intermediate:{ParentServer:{ URL: CAName:  } TLS:{Enabled:false CertFiles:[] Client:{KeyFile: CertFile:}} Enrollment:{ Name: Secret:**** CAName: AttrReqs:[] Profile: Label: CSR:<nil> Type:x509  }} CRL:{Expiry:24h0m0s} Idemix:{Curve:amcl.Fp256bn IssuerPublicKeyfile:/etc/hyperledger/fabric-ca-server/IssuerPublicKey IssuerSecretKeyfile:/etc/hyperledger/fabric-ca-server/msp/keystore/IssuerSecretKey RevocationPublicKeyfile:/etc/hyperledger/fabric-ca-server/IssuerRevocationPublicKey RevocationPrivateKeyfile:/etc/hyperledger/fabric-ca-server/msp/keystore/IssuerRevocationPrivateKey RHPoolSize:100 NonceExpiration:15s NonceSweepInterval:15m}}
2023/10/23 03:53:02 [DEBUG] DB: Getting identity peer0
2023/10/23 03:53:02 [DEBUG] DB: Login user peer0 with max enrollments of -1 and state of 1
2023/10/23 03:53:02 [DEBUG] DB: identity peer0 successfully logged in
2023/10/23 03:53:02 [DEBUG] DB: Getting identity peer0
2023/10/23 03:53:02 [DEBUG] Requested expiry '0001-01-01 00:00:00 +0000 UTC' is before the CA certificate expiry '2023-10-23 03:48:00 +0000 UTC'. Will use CA cert expiry
2023/10/23 03:53:02 [DEBUG] Processing sign request: id=peer0, CommonName=peer0, Subject=<nil>
2023/10/23 03:53:02 [DEBUG] Request is not for a CA signing certificate
2023/10/23 03:53:02 [DEBUG] Checking CSR fields to make sure that they do not exceed maximum character limits
2023/10/23 03:53:02 [DEBUG] Finished processing sign request
2023/10/23 03:53:02 [DEBUG] DB: Getting identity peer0
2023/10/23 03:53:02 [DEBUG] Attribute extension being added to certificate is: &{ID:[1 2 3 4 5 6 7 8 1] Critical:false Value:7b226174747273223a7b2268662e416666696c696174696f6e223a22222c2268662e456e726f6c6c6d656e744944223a227065657230222c2268662e54797065223a2270656572227d7d}
2023/10/23 03:53:02 [DEBUG] Adding attribute extension to CSR: &{ID:[1 2 3 4 5 6 7 8 1] Critical:false Value:7b226174747273223a7b2268662e416666696c696174696f6e223a22222c2268662e456e726f6c6c6d656e744944223a227065657230222c2268662e54797065223a2270656572227d7d}
2023/10/23 03:53:02 [INFO] signed certificate with serial number 217640627127270609818235853861473128260716965413
2023/10/23 03:53:02 [DEBUG] DB: Insert Certificate
2023/10/23 03:53:02 [DEBUG] Saved serial number as hex 261f57df3e6abdf5f9ab3e703c49a62c9aafae25
2023/10/23 03:53:02 [DEBUG] saved certificate with serial number 217640627127270609818235853861473128260716965413
2023/10/23 03:53:02 [DEBUG] Successfully incremented state for identity peer0 to 2
2023/10/23 03:53:02 [INFO] 172.19.0.1:56278 POST /enroll 201 0 "OK"
2023/10/23 03:53:02 [DEBUG] Received request for /enroll
2023/10/23 03:53:02 [DEBUG] ca.Config: &{Version:1.2.0 Cfg:{Identities:{PasswordAttempts:10 AllowRemove:false} Affiliations:{AllowRemove:false}} CA:{Name:ca-org1 Keyfile:/etc/hyperledger/fabric-ca-server/ca-key.pem Certfile:/etc/hyperledger/fabric-ca-server/ca-cert.pem Chainfile:/etc/hyperledger/fabric-ca-server/ca-chain.pem ReenrollIgnoreCertExpiry:false} Signing:0xc00035ab80 CSR:{CN:ca.org1.example.com Names:[{C:US ST:North Carolina L:Durham O:org1.example.com OU: SerialNumber:}] Hosts:[localhost org1.example.com] KeyRequest:0xc000632aa0 CA:0xc00046ea20 SerialNumber:} Registry:{MaxEnrollments:-1 Identities:[{ Name:**** Pass:**** Type:client Affiliation: MaxEnrollments:0 Attrs:map[hf.AffiliationMgr:1 hf.GenCRL:1 hf.IntermediateCA:1 hf.Registrar.Attributes:* hf.Registrar.DelegateRoles:* hf.Registrar.Roles:* hf.Revoker:1]  }]} Affiliations:map[org1:[department1 department2] org2:[department1]] LDAP:{ Enabled:false URL:ldap://****:****@<host>:<port>/<base> UserFilter:(uid=%s) GroupFilter:(memberUid=%s) Attribute:{[uid member] [{ }] map[groups:[{ }]]} TLS:{false [] { }}  } DB:{ Type:sqlite3 Datasource:/etc/hyperledger/fabric-ca-server/fabric-ca-server.db TLS:{false [] { }}  } CSP:0xc00046ec30 Client:<nil> Intermediate:{ParentServer:{ URL: CAName:  } TLS:{Enabled:false CertFiles:[] Client:{KeyFile: CertFile:}} Enrollment:{ Name: Secret:**** CAName: AttrReqs:[] Profile: Label: CSR:<nil> Type:x509  }} CRL:{Expiry:24h0m0s} Idemix:{Curve:amcl.Fp256bn IssuerPublicKeyfile:/etc/hyperledger/fabric-ca-server/IssuerPublicKey IssuerSecretKeyfile:/etc/hyperledger/fabric-ca-server/msp/keystore/IssuerSecretKey RevocationPublicKeyfile:/etc/hyperledger/fabric-ca-server/IssuerRevocationPublicKey RevocationPrivateKeyfile:/etc/hyperledger/fabric-ca-server/msp/keystore/IssuerRevocationPrivateKey RHPoolSize:100 NonceExpiration:15s NonceSweepInterval:15m}}
2023/10/23 03:53:02 [DEBUG] DB: Getting identity user1
2023/10/23 03:53:02 [DEBUG] DB: Login user user1 with max enrollments of -1 and state of 0
2023/10/23 03:53:02 [DEBUG] DB: identity user1 successfully logged in
2023/10/23 03:53:02 [DEBUG] DB: Getting identity user1
2023/10/23 03:53:02 [DEBUG] Requested expiry '0001-01-01 00:00:00 +0000 UTC' is before the CA certificate expiry '2023-10-23 03:48:00 +0000 UTC'. Will use CA cert expiry
2023/10/23 03:53:02 [DEBUG] Processing sign request: id=user1, CommonName=user1, Subject=<nil>
2023/10/23 03:53:02 [DEBUG] Request is not for a CA signing certificate
2023/10/23 03:53:02 [DEBUG] Checking CSR fields to make sure that they do not exceed maximum character limits
2023/10/23 03:53:02 [DEBUG] Finished processing sign request
2023/10/23 03:53:02 [DEBUG] DB: Getting identity user1
2023/10/23 03:53:02 [DEBUG] Attribute extension being added to certificate is: &{ID:[1 2 3 4 5 6 7 8 1] Critical:false Value:7b226174747273223a7b2268662e416666696c696174696f6e223a22222c2268662e456e726f6c6c6d656e744944223a227573657231222c2268662e54797065223a22636c69656e74227d7d}
2023/10/23 03:53:02 [DEBUG] Adding attribute extension to CSR: &{ID:[1 2 3 4 5 6 7 8 1] Critical:false Value:7b226174747273223a7b2268662e416666696c696174696f6e223a22222c2268662e456e726f6c6c6d656e744944223a227573657231222c2268662e54797065223a22636c69656e74227d7d}
2023/10/23 03:53:02 [INFO] signed certificate with serial number 465290139037097993372117638694571530186802042087
2023/10/23 03:53:02 [DEBUG] DB: Insert Certificate
2023/10/23 03:53:02 [DEBUG] Saved serial number as hex 518054d8d41cbcd4b488fc90fdba102dd39794e7
2023/10/23 03:53:02 [DEBUG] saved certificate with serial number 465290139037097993372117638694571530186802042087
2023/10/23 03:53:02 [DEBUG] Successfully incremented state for identity user1 to 1
2023/10/23 03:53:02 [INFO] 172.19.0.1:56280 POST /enroll 201 0 "OK"
2023/10/23 03:53:02 [DEBUG] Received request for /enroll
2023/10/23 03:53:02 [DEBUG] ca.Config: &{Version:1.2.0 Cfg:{Identities:{PasswordAttempts:10 AllowRemove:false} Affiliations:{AllowRemove:false}} CA:{Name:ca-org1 Keyfile:/etc/hyperledger/fabric-ca-server/ca-key.pem Certfile:/etc/hyperledger/fabric-ca-server/ca-cert.pem Chainfile:/etc/hyperledger/fabric-ca-server/ca-chain.pem ReenrollIgnoreCertExpiry:false} Signing:0xc00035ab80 CSR:{CN:ca.org1.example.com Names:[{C:US ST:North Carolina L:Durham O:org1.example.com OU: SerialNumber:}] Hosts:[localhost org1.example.com] KeyRequest:0xc000632aa0 CA:0xc00046ea20 SerialNumber:} Registry:{MaxEnrollments:-1 Identities:[{ Name:**** Pass:**** Type:client Affiliation: MaxEnrollments:0 Attrs:map[hf.AffiliationMgr:1 hf.GenCRL:1 hf.IntermediateCA:1 hf.Registrar.Attributes:* hf.Registrar.DelegateRoles:* hf.Registrar.Roles:* hf.Revoker:1]  }]} Affiliations:map[org1:[department1 department2] org2:[department1]] LDAP:{ Enabled:false URL:ldap://****:****@<host>:<port>/<base> UserFilter:(uid=%s) GroupFilter:(memberUid=%s) Attribute:{[uid member] [{ }] map[groups:[{ }]]} TLS:{false [] { }}  } DB:{ Type:sqlite3 Datasource:/etc/hyperledger/fabric-ca-server/fabric-ca-server.db TLS:{false [] { }}  } CSP:0xc00046ec30 Client:<nil> Intermediate:{ParentServer:{ URL: CAName:  } TLS:{Enabled:false CertFiles:[] Client:{KeyFile: CertFile:}} Enrollment:{ Name: Secret:**** CAName: AttrReqs:[] Profile: Label: CSR:<nil> Type:x509  }} CRL:{Expiry:24h0m0s} Idemix:{Curve:amcl.Fp256bn IssuerPublicKeyfile:/etc/hyperledger/fabric-ca-server/IssuerPublicKey IssuerSecretKeyfile:/etc/hyperledger/fabric-ca-server/msp/keystore/IssuerSecretKey RevocationPublicKeyfile:/etc/hyperledger/fabric-ca-server/IssuerRevocationPublicKey RevocationPrivateKeyfile:/etc/hyperledger/fabric-ca-server/msp/keystore/IssuerRevocationPrivateKey RHPoolSize:100 NonceExpiration:15s NonceSweepInterval:15m}}
2023/10/23 03:53:02 [DEBUG] DB: Getting identity org1admin
2023/10/23 03:53:02 [DEBUG] DB: Login user org1admin with max enrollments of -1 and state of 0
2023/10/23 03:53:02 [DEBUG] DB: identity org1admin successfully logged in
2023/10/23 03:53:02 [DEBUG] DB: Getting identity org1admin
2023/10/23 03:53:02 [DEBUG] Requested expiry '0001-01-01 00:00:00 +0000 UTC' is before the CA certificate expiry '2023-10-23 03:48:00 +0000 UTC'. Will use CA cert expiry
2023/10/23 03:53:02 [DEBUG] Processing sign request: id=org1admin, CommonName=org1admin, Subject=<nil>
2023/10/23 03:53:02 [DEBUG] Request is not for a CA signing certificate
2023/10/23 03:53:02 [DEBUG] Checking CSR fields to make sure that they do not exceed maximum character limits
2023/10/23 03:53:02 [DEBUG] Finished processing sign request
2023/10/23 03:53:02 [DEBUG] DB: Getting identity org1admin
2023/10/23 03:53:02 [DEBUG] Attribute extension being added to certificate is: &{ID:[1 2 3 4 5 6 7 8 1] Critical:false Value:7b226174747273223a7b2268662e416666696c696174696f6e223a22222c2268662e456e726f6c6c6d656e744944223a226f72673161646d696e222c2268662e54797065223a2261646d696e227d7d}
2023/10/23 03:53:02 [DEBUG] Adding attribute extension to CSR: &{ID:[1 2 3 4 5 6 7 8 1] Critical:false Value:7b226174747273223a7b2268662e416666696c696174696f6e223a22222c2268662e456e726f6c6c6d656e744944223a226f72673161646d696e222c2268662e54797065223a2261646d696e227d7d}
2023/10/23 03:53:02 [INFO] signed certificate with serial number 125518754425298461080995786005763499406626982720
2023/10/23 03:53:02 [DEBUG] DB: Insert Certificate
2023/10/23 03:53:02 [DEBUG] Saved serial number as hex 15fc74a2df7b0496e9966c950895e35c956d0b40
2023/10/23 03:53:02 [DEBUG] saved certificate with serial number 125518754425298461080995786005763499406626982720
2023/10/23 03:53:02 [DEBUG] Successfully incremented state for identity org1admin to 1
2023/10/23 03:53:02 [INFO] 172.19.0.1:56284 POST /enroll 201 0 "OK"
