2023/10/22 15:44:30 [DEBUG] Home directory: /etc/hyperledger/fabric-ca-server
2023/10/22 15:44:30 [INFO] Configuration file location: /etc/hyperledger/fabric-ca-server/fabric-ca-server-config.yaml
2023/10/22 15:44:30 [INFO] Starting server in home directory: /etc/hyperledger/fabric-ca-server
2023/10/22 15:44:30 [WARNING] Unknown provider type: ; metrics disabled
2023/10/22 15:44:30 [DEBUG] Set log level: 
2023/10/22 15:44:30 [INFO] Server Version: v1.5.7
2023/10/22 15:44:30 [INFO] Server Levels: &{Identity:2 Affiliation:1 Certificate:1 Credential:1 RAInfo:1 Nonce:1}
2023/10/22 15:44:30 [DEBUG] Making server filenames absolute
2023/10/22 15:44:30 [DEBUG] Initializing default CA in directory /etc/hyperledger/fabric-ca-server
2023/10/22 15:44:30 [DEBUG] Init CA with home /etc/hyperledger/fabric-ca-server and config {Version:1.2.0 Cfg:{Identities:{PasswordAttempts:10 AllowRemove:false} Affiliations:{AllowRemove:false}} CA:{Name:ca-org1 Keyfile: Certfile:ca-cert.pem Chainfile:ca-chain.pem ReenrollIgnoreCertExpiry:false} Signing:0xc000395ed0 CSR:{CN:ca.org1.example.com Names:[{C:US ST:North Carolina L:Durham O:org1.example.com OU: SerialNumber:}] Hosts:[localhost org1.example.com] KeyRequest:0xc000277a00 CA:0xc000332990 SerialNumber:} Registry:{MaxEnrollments:-1 Identities:[{ Name:**** Pass:**** Type:client Affiliation: MaxEnrollments:0 Attrs:map[hf.AffiliationMgr:1 hf.GenCRL:1 hf.IntermediateCA:1 hf.Registrar.Attributes:* hf.Registrar.DelegateRoles:* hf.Registrar.Roles:* hf.Revoker:1]  }]} Affiliations:map[org1:[department1 department2] org2:[department1]] LDAP:{ Enabled:false URL:ldap://****:****@<host>:<port>/<base> UserFilter:(uid=%s) GroupFilter:(memberUid=%s) Attribute:{[uid member] [{ }] map[groups:[{ }]]} TLS:{false [] { }}  } DB:{ Type:sqlite3 Datasource:fabric-ca-server.db TLS:{false [] { }}  } CSP:0xc000332ba0 Client:<nil> Intermediate:{ParentServer:{ URL: CAName:  } TLS:{Enabled:false CertFiles:[] Client:{KeyFile: CertFile:}} Enrollment:{ Name: Secret:**** CAName: AttrReqs:[] Profile: Label: CSR:<nil> Type:x509  }} CRL:{Expiry:24h0m0s} Idemix:{Curve:amcl.Fp256bn IssuerPublicKeyfile: IssuerSecretKeyfile: RevocationPublicKeyfile: RevocationPrivateKeyfile: RHPoolSize:100 NonceExpiration:15s NonceSweepInterval:15m}}
2023/10/22 15:44:30 [DEBUG] CA Home Directory: /etc/hyperledger/fabric-ca-server
2023/10/22 15:44:30 [DEBUG] Checking configuration file version '1.2.0' against server version: 'v1.5.7'
2023/10/22 15:44:30 [DEBUG] Initializing BCCSP: &{ProviderName:SW SwOpts:0xc000332c00 PluginOpts:<nil> Pkcs11Opts:<nil>}
2023/10/22 15:44:30 [DEBUG] Initializing BCCSP with software options &{SecLevel:256 HashFamily:SHA2 FileKeystore:0xc00040f530 DummyKeystore:<nil> InmemKeystore:<nil>}
2023/10/22 15:44:30 [DEBUG] Initialize key material
2023/10/22 15:44:30 [DEBUG] Making CA filenames absolute
2023/10/22 15:44:30 [WARNING] &{69 The specified CA certificate file /etc/hyperledger/fabric-ca-server/ca-cert.pem does not exist}
2023/10/22 15:44:30 [DEBUG] Root CA certificate request: {CN:ca.org1.example.com Names:[{C:US ST:North Carolina L:Durham O:org1.example.com OU: SerialNumber:}] Hosts:[localhost org1.example.com] KeyRequest:0xc000012b58 CA:0xc000332990 SerialNumber:}
2023/10/22 15:44:30 [INFO] generating key: &{A:ecdsa S:256}
2023/10/22 15:44:30 [DEBUG] generate key from request: algo=ecdsa, size=256
2023/10/22 15:44:30 [INFO] encoded CSR
2023/10/22 15:44:30 [DEBUG] validating configuration
2023/10/22 15:44:30 [DEBUG] validate local profile
2023/10/22 15:44:30 [DEBUG] profile is valid
2023/10/22 15:44:30 [INFO] signed certificate with serial number 238781241257025016016416487308652950363801128745
2023/10/22 15:44:30 [INFO] The CA key and certificate were generated for CA ca-org1
2023/10/22 15:44:30 [INFO] The key was stored by BCCSP provider 'SW'
2023/10/22 15:44:30 [INFO] The certificate is at: /etc/hyperledger/fabric-ca-server/ca-cert.pem
2023/10/22 15:44:30 [DEBUG] Initializing DB
2023/10/22 15:44:30 [DEBUG] Initializing 'sqlite3' database at '/etc/hyperledger/fabric-ca-server/fabric-ca-server.db'
2023/10/22 15:44:30 [DEBUG] Using sqlite database, connect to database in home (/etc/hyperledger/fabric-ca-server/fabric-ca-server.db) directory
2023/10/22 15:44:30 [DEBUG] Creating SQLite database (/etc/hyperledger/fabric-ca-server/fabric-ca-server.db) if it does not exist...
2023/10/22 15:44:30 [DEBUG] Creating users table if it does not exist
2023/10/22 15:44:30 [DEBUG] Creating affiliations table if it does not exist
2023/10/22 15:44:30 [DEBUG] Creating certificates table if it does not exist
2023/10/22 15:44:30 [DEBUG] Creating credentials table if it does not exist
2023/10/22 15:44:30 [DEBUG] Creating revocation_authority_info table if it does not exist
2023/10/22 15:44:30 [DEBUG] Creating nonces table if it does not exist
2023/10/22 15:44:30 [DEBUG] Creating properties table if it does not exist
2023/10/22 15:44:30 [DEBUG] Successfully opened sqlite3 DB
2023/10/22 15:44:30 [DEBUG] Initializing identity registry
2023/10/22 15:44:30 [DEBUG] Initialized DB identity registry
2023/10/22 15:44:30 [DEBUG] Checking database levels '&{Identity:0 Affiliation:0 Certificate:0 Credential:0 RAInfo:0 Nonce:0}' against server levels '&{Identity:2 Affiliation:1 Certificate:1 Credential:1 RAInfo:1 Nonce:1}'
2023/10/22 15:44:30 [DEBUG] Migrating users table...
2023/10/22 15:44:30 [DEBUG] Upgrade identity table to level 1
2023/10/22 15:44:30 [DEBUG] Creating users table if it does not exist
2023/10/22 15:44:30 [DEBUG] Upgrade identity table to level 2
2023/10/22 15:44:30 [DEBUG] Creating users table if it does not exist
2023/10/22 15:44:30 [DEBUG] Migrating affiliation table...
2023/10/22 15:44:30 [DEBUG] Upgrade affiliations table to level 1
2023/10/22 15:44:30 [DEBUG] Creating affiliations table if it does not exist
2023/10/22 15:44:30 [DEBUG] Upgrade certificates table...
2023/10/22 15:44:30 [DEBUG] Upgrade certificates table to level 1
2023/10/22 15:44:30 [DEBUG] Creating certificates table if it does not exist
2023/10/22 15:44:30 [DEBUG] Migrating credentials table...
2023/10/22 15:44:30 [DEBUG] Migrating nonces table...
2023/10/22 15:44:30 [DEBUG] Migrating revocation_authority_info table...
2023/10/22 15:44:30 [DEBUG] Loading identity table
2023/10/22 15:44:30 [DEBUG] Loading identity 'admin'
2023/10/22 15:44:30 [DEBUG] DB: Getting identity admin
2023/10/22 15:44:30 [DEBUG] Max enrollment value verification - User specified max enrollment: 0, CA max enrollment: -1
2023/10/22 15:44:30 [DEBUG] DB: Add identity admin
2023/10/22 15:44:31 [DEBUG] Successfully added identity admin to the database
2023/10/22 15:44:31 [DEBUG] Registered identity: { Name:**** Pass:**** Type:client Affiliation: MaxEnrollments:-1 Attrs:map[hf.AffiliationMgr:1 hf.GenCRL:1 hf.IntermediateCA:1 hf.Registrar.Attributes:* hf.Registrar.DelegateRoles:* hf.Registrar.Roles:* hf.Revoker:1]  }
2023/10/22 15:44:31 [DEBUG] Successfully loaded identity table
2023/10/22 15:44:31 [DEBUG] Loading affiliations table
2023/10/22 15:44:31 [DEBUG] DB: Add affiliation org1
2023/10/22 15:44:31 [DEBUG] Affiliation 'org1' added
2023/10/22 15:44:31 [DEBUG] DB: Add affiliation org1.department1
2023/10/22 15:44:31 [DEBUG] Affiliation 'org1.department1' added
2023/10/22 15:44:31 [DEBUG] DB: Add affiliation org1.department2
2023/10/22 15:44:31 [DEBUG] Affiliation 'org1.department2' added
2023/10/22 15:44:31 [DEBUG] DB: Add affiliation org2
2023/10/22 15:44:31 [DEBUG] Affiliation 'org2' added
2023/10/22 15:44:31 [DEBUG] DB: Add affiliation org2.department1
2023/10/22 15:44:31 [DEBUG] Affiliation 'org2.department1' added
2023/10/22 15:44:31 [DEBUG] Successfully loaded affiliations table
2023/10/22 15:44:31 [INFO] Initialized sqlite3 database at /etc/hyperledger/fabric-ca-server/fabric-ca-server.db
2023/10/22 15:44:31 [DEBUG] Initializing enrollment signer
2023/10/22 15:44:31 [DEBUG] validating configuration
2023/10/22 15:44:31 [DEBUG] validate local profile
2023/10/22 15:44:31 [DEBUG] profile is valid
2023/10/22 15:44:31 [DEBUG] validate local profile
2023/10/22 15:44:31 [DEBUG] profile is valid
2023/10/22 15:44:31 [DEBUG] validate local profile
2023/10/22 15:44:31 [DEBUG] profile is valid
2023/10/22 15:44:31 [DEBUG] CA initialization successful
2023/10/22 15:44:31 [DEBUG] Initializing Idemix issuer...
2023/10/22 15:44:31 [DEBUG] Using curve amcl.Fp256bn for Idemix
2023/10/22 15:44:31 [DEBUG] renew is set to [false]
2023/10/22 15:44:31 [DEBUG] pubKeyFileExists && privKeyFileExists : [/etc/hyperledger/fabric-ca-server/IssuerPublicKey:%!s(bool=false)][/etc/hyperledger/fabric-ca-server/msp/keystore/IssuerSecretKey:%!s(bool=false)]
2023/10/22 15:44:31 [DEBUG] Idemix issuer public and secret keys were generated for CA 'ca-org1'
2023/10/22 15:44:31 [INFO] The issuer key was successfully stored. The public key is at: /etc/hyperledger/fabric-ca-server/IssuerPublicKey, secret key is at: /etc/hyperledger/fabric-ca-server/msp/keystore/IssuerSecretKey
2023/10/22 15:44:31 [DEBUG] Intializing revocation authority for issuer 'ca-org1'
2023/10/22 15:44:31 [DEBUG] Initialize Idemix issuer revocation key material
2023/10/22 15:44:31 [INFO] Idemix issuer revocation public and secret keys were generated for CA 'ca-org1'
2023/10/22 15:44:31 [INFO] The revocation key was successfully stored. The public key is at: /etc/hyperledger/fabric-ca-server/IssuerRevocationPublicKey, private key is at: /etc/hyperledger/fabric-ca-server/msp/keystore/IssuerRevocationPrivateKey
2023/10/22 15:44:31 [DEBUG] Intializing nonce manager for issuer 'ca-org1'
2023/10/22 15:44:31 [INFO] Home directory for default CA: /etc/hyperledger/fabric-ca-server
2023/10/22 15:44:31 [DEBUG] 1 CA instance(s) running on server
2023/10/22 15:44:31 [INFO] Operation Server Listening on [::]:17054
2023/10/22 15:44:31 [DEBUG] TLS is enabled
2023/10/22 15:44:31 [DEBUG] TLS enabled but either certificate or key file does not exist, automatically generating TLS credentials
2023/10/22 15:44:31 [DEBUG] TLS CSR: {CN:ca.org1.example.com Names:[{C:US ST:North Carolina L:Durham O:org1.example.com OU: SerialNumber:}] Hosts:[localhost org1.example.com] KeyRequest:0xc0002763a0 CA:<nil> SerialNumber:}
2023/10/22 15:44:31 [DEBUG] GenCSR &{CN:ca.org1.example.com Names:[{C:US ST:North Carolina L:Durham O:org1.example.com OU: SerialNumber:}] Hosts:[localhost org1.example.com] KeyRequest:0xc0002763a0 CA:<nil> SerialNumber:}
2023/10/22 15:44:31 [DEBUG] Initializing client with config: &{URL: MSPDir: TLS:{Enabled:false CertFiles:[] Client:{KeyFile: CertFile:}} Enrollment:{ Name: Secret:**** CAName: AttrReqs:[] Profile: Label: CSR:<nil> Type:  } CSR:{CN: Names:[] Hosts:[] KeyRequest:<nil> CA:<nil> SerialNumber:} ID:{Name: Type: Secret: MaxEnrollments:0 Affiliation: Attributes:[] CAName:} Revoke:{Name: Serial: AKI: Reason: CAName: GenCRL:false} CAInfo:{CAName:} CAName: CSP:0xc000332ba0 Debug:false LogLevel: Idemix:{Curve:}}
2023/10/22 15:44:31 [DEBUG] Initializing BCCSP: &{ProviderName:SW SwOpts:0xc000332c00 PluginOpts:<nil> Pkcs11Opts:<nil>}
2023/10/22 15:44:31 [DEBUG] Initializing BCCSP with software options &{SecLevel:256 HashFamily:SHA2 FileKeystore:0xc00040f530 DummyKeystore:<nil> InmemKeystore:<nil>}
2023/10/22 15:44:31 [DEBUG] CurveID for Idemix not specified, defaulting to amcl.Fp256bn
2023/10/22 15:44:31 [INFO] generating key: &{A:ecdsa S:256}
2023/10/22 15:44:31 [DEBUG] generate key from request: algo=ecdsa, size=256
2023/10/22 15:44:31 [INFO] encoded CSR
2023/10/22 15:44:31 [INFO] signed certificate with serial number 561947553509141199995953261159943349012711588941
2023/10/22 15:44:31 [DEBUG] DB: Insert Certificate
2023/10/22 15:44:31 [DEBUG] Saved serial number as hex 626e998c85605b0263bfe4ef4b10a37e931fc44d
2023/10/22 15:44:31 [DEBUG] saved certificate with serial number 561947553509141199995953261159943349012711588941
2023/10/22 15:44:31 [DEBUG] Generated TLS Certificate: /etc/hyperledger/fabric-ca-server/tls-cert.pem
2023/10/22 15:44:31 [DEBUG] Client authentication type requested: noclientcert
2023/10/22 15:44:31 [INFO] Listening on https://0.0.0.0:7054
2023/10/22 15:44:31 [DEBUG] Received request for /enroll
2023/10/22 15:44:31 [DEBUG] ca.Config: &{Version:1.2.0 Cfg:{Identities:{PasswordAttempts:10 AllowRemove:false} Affiliations:{AllowRemove:false}} CA:{Name:ca-org1 Keyfile:/etc/hyperledger/fabric-ca-server/ca-key.pem Certfile:/etc/hyperledger/fabric-ca-server/ca-cert.pem Chainfile:/etc/hyperledger/fabric-ca-server/ca-chain.pem ReenrollIgnoreCertExpiry:false} Signing:0xc000395ed0 CSR:{CN:ca.org1.example.com Names:[{C:US ST:North Carolina L:Durham O:org1.example.com OU: SerialNumber:}] Hosts:[localhost org1.example.com] KeyRequest:0xc0002763a0 CA:0xc000332990 SerialNumber:} Registry:{MaxEnrollments:-1 Identities:[{ Name:**** Pass:**** Type:client Affiliation: MaxEnrollments:0 Attrs:map[hf.AffiliationMgr:1 hf.GenCRL:1 hf.IntermediateCA:1 hf.Registrar.Attributes:* hf.Registrar.DelegateRoles:* hf.Registrar.Roles:* hf.Revoker:1]  }]} Affiliations:map[org1:[department1 department2] org2:[department1]] LDAP:{ Enabled:false URL:ldap://****:****@<host>:<port>/<base> UserFilter:(uid=%s) GroupFilter:(memberUid=%s) Attribute:{[uid member] [{ }] map[groups:[{ }]]} TLS:{false [] { }}  } DB:{ Type:sqlite3 Datasource:/etc/hyperledger/fabric-ca-server/fabric-ca-server.db TLS:{false [] { }}  } CSP:0xc000332ba0 Client:<nil> Intermediate:{ParentServer:{ URL: CAName:  } TLS:{Enabled:false CertFiles:[] Client:{KeyFile: CertFile:}} Enrollment:{ Name: Secret:**** CAName: AttrReqs:[] Profile: Label: CSR:<nil> Type:x509  }} CRL:{Expiry:24h0m0s} Idemix:{Curve:amcl.Fp256bn IssuerPublicKeyfile:/etc/hyperledger/fabric-ca-server/IssuerPublicKey IssuerSecretKeyfile:/etc/hyperledger/fabric-ca-server/msp/keystore/IssuerSecretKey RevocationPublicKeyfile:/etc/hyperledger/fabric-ca-server/IssuerRevocationPublicKey RevocationPrivateKeyfile:/etc/hyperledger/fabric-ca-server/msp/keystore/IssuerRevocationPrivateKey RHPoolSize:100 NonceExpiration:15s NonceSweepInterval:15m}}
2023/10/22 15:44:31 [DEBUG] DB: Getting identity admin
2023/10/22 15:44:31 [DEBUG] DB: Login user admin with max enrollments of -1 and state of 0
2023/10/22 15:44:31 [DEBUG] DB: identity admin successfully logged in
2023/10/22 15:44:31 [DEBUG] DB: Getting identity admin
2023/10/22 15:44:31 [DEBUG] Requested expiry '0001-01-01 00:00:00 +0000 UTC' is before the CA certificate expiry '2023-10-22 15:40:00 +0000 UTC'. Will use CA cert expiry
2023/10/22 15:44:31 [DEBUG] Processing sign request: id=admin, CommonName=admin, Subject=<nil>
2023/10/22 15:44:31 [DEBUG] Request is not for a CA signing certificate
2023/10/22 15:44:31 [DEBUG] Checking CSR fields to make sure that they do not exceed maximum character limits
2023/10/22 15:44:31 [DEBUG] Finished processing sign request
2023/10/22 15:44:31 [DEBUG] DB: Getting identity admin
2023/10/22 15:44:31 [INFO] signed certificate with serial number 112222528330522833539415885444886537407549079570
2023/10/22 15:44:31 [DEBUG] DB: Insert Certificate
2023/10/22 15:44:31 [DEBUG] Saved serial number as hex 13a83b723803e252eea7fd9f73d16366e09f0012
2023/10/22 15:44:31 [DEBUG] saved certificate with serial number 112222528330522833539415885444886537407549079570
2023/10/22 15:44:31 [DEBUG] Successfully incremented state for identity admin to 1
2023/10/22 15:44:31 [INFO] 172.18.0.1:50114 POST /enroll 201 0 "OK"
2023/10/22 15:44:32 [DEBUG] Received request for /register
2023/10/22 15:44:32 [DEBUG] Caller is using a x509 certificate
2023/10/22 15:44:32 [DEBUG] Certicate Dates: NotAfter = 2024-10-21 15:45:00 +0000 UTC NotBefore = 2023-10-22 15:40:00 +0000 UTC 
2023/10/22 15:44:32 [DEBUG] Checking for revocation/expiration of certificate owned by 'admin'
2023/10/22 15:44:32 [DEBUG] DB: Get certificate by serial (13a83b723803e252eea7fd9f73d16366e09f0012) and aki (89833344179063d91a34887911fd25cc5604ce7d)
2023/10/22 15:44:32 [DEBUG] DB: Getting identity admin
2023/10/22 15:44:32 [DEBUG] Successful token authentication of 'admin'
2023/10/22 15:44:32 [DEBUG] Received registration request from admin: { Name:peer0 Type:peer Secret:**** MaxEnrollments:0 Affiliation: Attributes:[] CAName:ca-org1  }
2023/10/22 15:44:32 [DEBUG] No affiliation provided in registration request, will default to using registrar's affiliation of ''
2023/10/22 15:44:32 [DEBUG] canRegister - Check to see if user 'admin' can register
2023/10/22 15:44:32 [DEBUG] Checking to see if caller 'admin' can act on type 'peer'
2023/10/22 15:44:32 [DEBUG] Checking to see if caller 'admin' is a registrar
2023/10/22 15:44:32 [DEBUG] Validating affiliation: 
2023/10/22 15:44:32 [DEBUG] Checking to see if affiliation '' contains caller's affiliation ''
2023/10/22 15:44:32 [DEBUG] Caller has root affiliation
2023/10/22 15:44:32 [DEBUG] Registering user id: peer0
2023/10/22 15:44:32 [DEBUG] Max enrollment value verification - User specified max enrollment: 0, CA max enrollment: -1
2023/10/22 15:44:32 [DEBUG] DB: Getting identity peer0
2023/10/22 15:44:32 [DEBUG] DB: Add identity peer0
2023/10/22 15:44:32 [DEBUG] Successfully added identity peer0 to the database
2023/10/22 15:44:32 [INFO] 172.18.0.1:50118 POST /register 201 0 "OK"
2023/10/22 15:44:32 [DEBUG] Received request for /register
2023/10/22 15:44:32 [DEBUG] Caller is using a x509 certificate
2023/10/22 15:44:32 [DEBUG] Certicate Dates: NotAfter = 2024-10-21 15:45:00 +0000 UTC NotBefore = 2023-10-22 15:40:00 +0000 UTC 
2023/10/22 15:44:32 [DEBUG] Checking for revocation/expiration of certificate owned by 'admin'
2023/10/22 15:44:32 [DEBUG] DB: Get certificate by serial (13a83b723803e252eea7fd9f73d16366e09f0012) and aki (89833344179063d91a34887911fd25cc5604ce7d)
2023/10/22 15:44:32 [DEBUG] DB: Getting identity admin
2023/10/22 15:44:32 [DEBUG] Successful token authentication of 'admin'
2023/10/22 15:44:32 [DEBUG] Received registration request from admin: { Name:user1 Type:client Secret:**** MaxEnrollments:0 Affiliation: Attributes:[] CAName:ca-org1  }
2023/10/22 15:44:32 [DEBUG] No affiliation provided in registration request, will default to using registrar's affiliation of ''
2023/10/22 15:44:32 [DEBUG] canRegister - Check to see if user 'admin' can register
2023/10/22 15:44:32 [DEBUG] Checking to see if caller 'admin' can act on type 'client'
2023/10/22 15:44:32 [DEBUG] Checking to see if caller 'admin' is a registrar
2023/10/22 15:44:32 [DEBUG] Validating affiliation: 
2023/10/22 15:44:32 [DEBUG] Checking to see if affiliation '' contains caller's affiliation ''
2023/10/22 15:44:32 [DEBUG] Caller has root affiliation
2023/10/22 15:44:32 [DEBUG] Registering user id: user1
2023/10/22 15:44:32 [DEBUG] Max enrollment value verification - User specified max enrollment: 0, CA max enrollment: -1
2023/10/22 15:44:32 [DEBUG] DB: Getting identity user1
2023/10/22 15:44:32 [DEBUG] DB: Add identity user1
2023/10/22 15:44:32 [DEBUG] Successfully added identity user1 to the database
2023/10/22 15:44:32 [INFO] 172.18.0.1:50120 POST /register 201 0 "OK"
2023/10/22 15:44:32 [DEBUG] Received request for /register
2023/10/22 15:44:32 [DEBUG] Caller is using a x509 certificate
2023/10/22 15:44:32 [DEBUG] Certicate Dates: NotAfter = 2024-10-21 15:45:00 +0000 UTC NotBefore = 2023-10-22 15:40:00 +0000 UTC 
2023/10/22 15:44:32 [DEBUG] Checking for revocation/expiration of certificate owned by 'admin'
2023/10/22 15:44:32 [DEBUG] DB: Get certificate by serial (13a83b723803e252eea7fd9f73d16366e09f0012) and aki (89833344179063d91a34887911fd25cc5604ce7d)
2023/10/22 15:44:32 [DEBUG] DB: Getting identity admin
2023/10/22 15:44:32 [DEBUG] Successful token authentication of 'admin'
2023/10/22 15:44:32 [DEBUG] Received registration request from admin: { Name:org1admin Type:admin Secret:**** MaxEnrollments:0 Affiliation: Attributes:[] CAName:ca-org1  }
2023/10/22 15:44:32 [DEBUG] No affiliation provided in registration request, will default to using registrar's affiliation of ''
2023/10/22 15:44:32 [DEBUG] canRegister - Check to see if user 'admin' can register
2023/10/22 15:44:32 [DEBUG] Checking to see if caller 'admin' can act on type 'admin'
2023/10/22 15:44:32 [DEBUG] Checking to see if caller 'admin' is a registrar
2023/10/22 15:44:32 [DEBUG] Validating affiliation: 
2023/10/22 15:44:32 [DEBUG] Checking to see if affiliation '' contains caller's affiliation ''
2023/10/22 15:44:32 [DEBUG] Caller has root affiliation
2023/10/22 15:44:32 [DEBUG] Registering user id: org1admin
2023/10/22 15:44:32 [DEBUG] Max enrollment value verification - User specified max enrollment: 0, CA max enrollment: -1
2023/10/22 15:44:32 [DEBUG] DB: Getting identity org1admin
2023/10/22 15:44:32 [DEBUG] DB: Add identity org1admin
2023/10/22 15:44:32 [DEBUG] Successfully added identity org1admin to the database
2023/10/22 15:44:32 [INFO] 172.18.0.1:50132 POST /register 201 0 "OK"
2023/10/22 15:44:32 [DEBUG] Received request for /enroll
2023/10/22 15:44:32 [DEBUG] ca.Config: &{Version:1.2.0 Cfg:{Identities:{PasswordAttempts:10 AllowRemove:false} Affiliations:{AllowRemove:false}} CA:{Name:ca-org1 Keyfile:/etc/hyperledger/fabric-ca-server/ca-key.pem Certfile:/etc/hyperledger/fabric-ca-server/ca-cert.pem Chainfile:/etc/hyperledger/fabric-ca-server/ca-chain.pem ReenrollIgnoreCertExpiry:false} Signing:0xc000395ed0 CSR:{CN:ca.org1.example.com Names:[{C:US ST:North Carolina L:Durham O:org1.example.com OU: SerialNumber:}] Hosts:[localhost org1.example.com] KeyRequest:0xc0002763a0 CA:0xc000332990 SerialNumber:} Registry:{MaxEnrollments:-1 Identities:[{ Name:**** Pass:**** Type:client Affiliation: MaxEnrollments:0 Attrs:map[hf.AffiliationMgr:1 hf.GenCRL:1 hf.IntermediateCA:1 hf.Registrar.Attributes:* hf.Registrar.DelegateRoles:* hf.Registrar.Roles:* hf.Revoker:1]  }]} Affiliations:map[org1:[department1 department2] org2:[department1]] LDAP:{ Enabled:false URL:ldap://****:****@<host>:<port>/<base> UserFilter:(uid=%s) GroupFilter:(memberUid=%s) Attribute:{[uid member] [{ }] map[groups:[{ }]]} TLS:{false [] { }}  } DB:{ Type:sqlite3 Datasource:/etc/hyperledger/fabric-ca-server/fabric-ca-server.db TLS:{false [] { }}  } CSP:0xc000332ba0 Client:<nil> Intermediate:{ParentServer:{ URL: CAName:  } TLS:{Enabled:false CertFiles:[] Client:{KeyFile: CertFile:}} Enrollment:{ Name: Secret:**** CAName: AttrReqs:[] Profile: Label: CSR:<nil> Type:x509  }} CRL:{Expiry:24h0m0s} Idemix:{Curve:amcl.Fp256bn IssuerPublicKeyfile:/etc/hyperledger/fabric-ca-server/IssuerPublicKey IssuerSecretKeyfile:/etc/hyperledger/fabric-ca-server/msp/keystore/IssuerSecretKey RevocationPublicKeyfile:/etc/hyperledger/fabric-ca-server/IssuerRevocationPublicKey RevocationPrivateKeyfile:/etc/hyperledger/fabric-ca-server/msp/keystore/IssuerRevocationPrivateKey RHPoolSize:100 NonceExpiration:15s NonceSweepInterval:15m}}
2023/10/22 15:44:32 [DEBUG] DB: Getting identity peer0
2023/10/22 15:44:32 [DEBUG] DB: Login user peer0 with max enrollments of -1 and state of 0
2023/10/22 15:44:32 [DEBUG] DB: identity peer0 successfully logged in
2023/10/22 15:44:32 [DEBUG] DB: Getting identity peer0
2023/10/22 15:44:32 [DEBUG] Requested expiry '0001-01-01 00:00:00 +0000 UTC' is before the CA certificate expiry '2023-10-22 15:40:00 +0000 UTC'. Will use CA cert expiry
2023/10/22 15:44:32 [DEBUG] Processing sign request: id=peer0, CommonName=peer0, Subject=<nil>
2023/10/22 15:44:32 [DEBUG] Request is not for a CA signing certificate
2023/10/22 15:44:32 [DEBUG] Checking CSR fields to make sure that they do not exceed maximum character limits
2023/10/22 15:44:32 [DEBUG] Finished processing sign request
2023/10/22 15:44:32 [DEBUG] DB: Getting identity peer0
2023/10/22 15:44:32 [DEBUG] Attribute extension being added to certificate is: &{ID:[1 2 3 4 5 6 7 8 1] Critical:false Value:7b226174747273223a7b2268662e416666696c696174696f6e223a22222c2268662e456e726f6c6c6d656e744944223a227065657230222c2268662e54797065223a2270656572227d7d}
2023/10/22 15:44:32 [DEBUG] Adding attribute extension to CSR: &{ID:[1 2 3 4 5 6 7 8 1] Critical:false Value:7b226174747273223a7b2268662e416666696c696174696f6e223a22222c2268662e456e726f6c6c6d656e744944223a227065657230222c2268662e54797065223a2270656572227d7d}
2023/10/22 15:44:32 [INFO] signed certificate with serial number 664733306384536796217274420589376286357195352684
2023/10/22 15:44:32 [DEBUG] DB: Insert Certificate
2023/10/22 15:44:32 [DEBUG] Saved serial number as hex 746fac2025676fb3b2a4748c56dd86b218086a6c
2023/10/22 15:44:32 [DEBUG] saved certificate with serial number 664733306384536796217274420589376286357195352684
2023/10/22 15:44:32 [DEBUG] Successfully incremented state for identity peer0 to 1
2023/10/22 15:44:32 [INFO] 172.18.0.1:50136 POST /enroll 201 0 "OK"
2023/10/22 15:44:32 [DEBUG] Received request for /enroll
2023/10/22 15:44:32 [DEBUG] ca.Config: &{Version:1.2.0 Cfg:{Identities:{PasswordAttempts:10 AllowRemove:false} Affiliations:{AllowRemove:false}} CA:{Name:ca-org1 Keyfile:/etc/hyperledger/fabric-ca-server/ca-key.pem Certfile:/etc/hyperledger/fabric-ca-server/ca-cert.pem Chainfile:/etc/hyperledger/fabric-ca-server/ca-chain.pem ReenrollIgnoreCertExpiry:false} Signing:0xc000395ed0 CSR:{CN:ca.org1.example.com Names:[{C:US ST:North Carolina L:Durham O:org1.example.com OU: SerialNumber:}] Hosts:[localhost org1.example.com] KeyRequest:0xc0002763a0 CA:0xc000332990 SerialNumber:} Registry:{MaxEnrollments:-1 Identities:[{ Name:**** Pass:**** Type:client Affiliation: MaxEnrollments:0 Attrs:map[hf.AffiliationMgr:1 hf.GenCRL:1 hf.IntermediateCA:1 hf.Registrar.Attributes:* hf.Registrar.DelegateRoles:* hf.Registrar.Roles:* hf.Revoker:1]  }]} Affiliations:map[org1:[department1 department2] org2:[department1]] LDAP:{ Enabled:false URL:ldap://****:****@<host>:<port>/<base> UserFilter:(uid=%s) GroupFilter:(memberUid=%s) Attribute:{[uid member] [{ }] map[groups:[{ }]]} TLS:{false [] { }}  } DB:{ Type:sqlite3 Datasource:/etc/hyperledger/fabric-ca-server/fabric-ca-server.db TLS:{false [] { }}  } CSP:0xc000332ba0 Client:<nil> Intermediate:{ParentServer:{ URL: CAName:  } TLS:{Enabled:false CertFiles:[] Client:{KeyFile: CertFile:}} Enrollment:{ Name: Secret:**** CAName: AttrReqs:[] Profile: Label: CSR:<nil> Type:x509  }} CRL:{Expiry:24h0m0s} Idemix:{Curve:amcl.Fp256bn IssuerPublicKeyfile:/etc/hyperledger/fabric-ca-server/IssuerPublicKey IssuerSecretKeyfile:/etc/hyperledger/fabric-ca-server/msp/keystore/IssuerSecretKey RevocationPublicKeyfile:/etc/hyperledger/fabric-ca-server/IssuerRevocationPublicKey RevocationPrivateKeyfile:/etc/hyperledger/fabric-ca-server/msp/keystore/IssuerRevocationPrivateKey RHPoolSize:100 NonceExpiration:15s NonceSweepInterval:15m}}
2023/10/22 15:44:32 [DEBUG] DB: Getting identity peer0
2023/10/22 15:44:32 [DEBUG] DB: Login user peer0 with max enrollments of -1 and state of 1
2023/10/22 15:44:32 [DEBUG] DB: identity peer0 successfully logged in
2023/10/22 15:44:32 [DEBUG] DB: Getting identity peer0
2023/10/22 15:44:32 [DEBUG] Requested expiry '0001-01-01 00:00:00 +0000 UTC' is before the CA certificate expiry '2023-10-22 15:40:00 +0000 UTC'. Will use CA cert expiry
2023/10/22 15:44:32 [DEBUG] Processing sign request: id=peer0, CommonName=peer0, Subject=<nil>
2023/10/22 15:44:32 [DEBUG] Request is not for a CA signing certificate
2023/10/22 15:44:32 [DEBUG] Checking CSR fields to make sure that they do not exceed maximum character limits
2023/10/22 15:44:32 [DEBUG] Finished processing sign request
2023/10/22 15:44:32 [DEBUG] DB: Getting identity peer0
2023/10/22 15:44:32 [DEBUG] Attribute extension being added to certificate is: &{ID:[1 2 3 4 5 6 7 8 1] Critical:false Value:7b226174747273223a7b2268662e416666696c696174696f6e223a22222c2268662e456e726f6c6c6d656e744944223a227065657230222c2268662e54797065223a2270656572227d7d}
2023/10/22 15:44:32 [DEBUG] Adding attribute extension to CSR: &{ID:[1 2 3 4 5 6 7 8 1] Critical:false Value:7b226174747273223a7b2268662e416666696c696174696f6e223a22222c2268662e456e726f6c6c6d656e744944223a227065657230222c2268662e54797065223a2270656572227d7d}
2023/10/22 15:44:32 [INFO] signed certificate with serial number 179670788850468379422780616993146540023241842303
2023/10/22 15:44:32 [DEBUG] DB: Insert Certificate
2023/10/22 15:44:32 [DEBUG] Saved serial number as hex 1f78b78140f7560e390e39ef12d6ddfda6991e7f
2023/10/22 15:44:32 [DEBUG] saved certificate with serial number 179670788850468379422780616993146540023241842303
2023/10/22 15:44:32 [DEBUG] Successfully incremented state for identity peer0 to 2
2023/10/22 15:44:32 [INFO] 172.18.0.1:50146 POST /enroll 201 0 "OK"
2023/10/22 15:44:32 [DEBUG] Received request for /enroll
2023/10/22 15:44:32 [DEBUG] ca.Config: &{Version:1.2.0 Cfg:{Identities:{PasswordAttempts:10 AllowRemove:false} Affiliations:{AllowRemove:false}} CA:{Name:ca-org1 Keyfile:/etc/hyperledger/fabric-ca-server/ca-key.pem Certfile:/etc/hyperledger/fabric-ca-server/ca-cert.pem Chainfile:/etc/hyperledger/fabric-ca-server/ca-chain.pem ReenrollIgnoreCertExpiry:false} Signing:0xc000395ed0 CSR:{CN:ca.org1.example.com Names:[{C:US ST:North Carolina L:Durham O:org1.example.com OU: SerialNumber:}] Hosts:[localhost org1.example.com] KeyRequest:0xc0002763a0 CA:0xc000332990 SerialNumber:} Registry:{MaxEnrollments:-1 Identities:[{ Name:**** Pass:**** Type:client Affiliation: MaxEnrollments:0 Attrs:map[hf.AffiliationMgr:1 hf.GenCRL:1 hf.IntermediateCA:1 hf.Registrar.Attributes:* hf.Registrar.DelegateRoles:* hf.Registrar.Roles:* hf.Revoker:1]  }]} Affiliations:map[org1:[department1 department2] org2:[department1]] LDAP:{ Enabled:false URL:ldap://****:****@<host>:<port>/<base> UserFilter:(uid=%s) GroupFilter:(memberUid=%s) Attribute:{[uid member] [{ }] map[groups:[{ }]]} TLS:{false [] { }}  } DB:{ Type:sqlite3 Datasource:/etc/hyperledger/fabric-ca-server/fabric-ca-server.db TLS:{false [] { }}  } CSP:0xc000332ba0 Client:<nil> Intermediate:{ParentServer:{ URL: CAName:  } TLS:{Enabled:false CertFiles:[] Client:{KeyFile: CertFile:}} Enrollment:{ Name: Secret:**** CAName: AttrReqs:[] Profile: Label: CSR:<nil> Type:x509  }} CRL:{Expiry:24h0m0s} Idemix:{Curve:amcl.Fp256bn IssuerPublicKeyfile:/etc/hyperledger/fabric-ca-server/IssuerPublicKey IssuerSecretKeyfile:/etc/hyperledger/fabric-ca-server/msp/keystore/IssuerSecretKey RevocationPublicKeyfile:/etc/hyperledger/fabric-ca-server/IssuerRevocationPublicKey RevocationPrivateKeyfile:/etc/hyperledger/fabric-ca-server/msp/keystore/IssuerRevocationPrivateKey RHPoolSize:100 NonceExpiration:15s NonceSweepInterval:15m}}
2023/10/22 15:44:32 [DEBUG] DB: Getting identity user1
2023/10/22 15:44:32 [DEBUG] DB: Login user user1 with max enrollments of -1 and state of 0
2023/10/22 15:44:32 [DEBUG] DB: identity user1 successfully logged in
2023/10/22 15:44:32 [DEBUG] DB: Getting identity user1
2023/10/22 15:44:32 [DEBUG] Requested expiry '0001-01-01 00:00:00 +0000 UTC' is before the CA certificate expiry '2023-10-22 15:40:00 +0000 UTC'. Will use CA cert expiry
2023/10/22 15:44:32 [DEBUG] Processing sign request: id=user1, CommonName=user1, Subject=<nil>
2023/10/22 15:44:32 [DEBUG] Request is not for a CA signing certificate
2023/10/22 15:44:32 [DEBUG] Checking CSR fields to make sure that they do not exceed maximum character limits
2023/10/22 15:44:32 [DEBUG] Finished processing sign request
2023/10/22 15:44:32 [DEBUG] DB: Getting identity user1
2023/10/22 15:44:32 [DEBUG] Attribute extension being added to certificate is: &{ID:[1 2 3 4 5 6 7 8 1] Critical:false Value:7b226174747273223a7b2268662e416666696c696174696f6e223a22222c2268662e456e726f6c6c6d656e744944223a227573657231222c2268662e54797065223a22636c69656e74227d7d}
2023/10/22 15:44:32 [DEBUG] Adding attribute extension to CSR: &{ID:[1 2 3 4 5 6 7 8 1] Critical:false Value:7b226174747273223a7b2268662e416666696c696174696f6e223a22222c2268662e456e726f6c6c6d656e744944223a227573657231222c2268662e54797065223a22636c69656e74227d7d}
2023/10/22 15:44:32 [INFO] signed certificate with serial number 370618778528464999845878104889294473413311561982
2023/10/22 15:44:32 [DEBUG] DB: Insert Certificate
2023/10/22 15:44:32 [DEBUG] Saved serial number as hex 40eb1eed2c1330166bc3ec561c97658ccd7f80fe
2023/10/22 15:44:32 [DEBUG] saved certificate with serial number 370618778528464999845878104889294473413311561982
2023/10/22 15:44:32 [DEBUG] Successfully incremented state for identity user1 to 1
2023/10/22 15:44:32 [INFO] 172.18.0.1:50156 POST /enroll 201 0 "OK"
2023/10/22 15:44:32 [DEBUG] Received request for /enroll
2023/10/22 15:44:32 [DEBUG] ca.Config: &{Version:1.2.0 Cfg:{Identities:{PasswordAttempts:10 AllowRemove:false} Affiliations:{AllowRemove:false}} CA:{Name:ca-org1 Keyfile:/etc/hyperledger/fabric-ca-server/ca-key.pem Certfile:/etc/hyperledger/fabric-ca-server/ca-cert.pem Chainfile:/etc/hyperledger/fabric-ca-server/ca-chain.pem ReenrollIgnoreCertExpiry:false} Signing:0xc000395ed0 CSR:{CN:ca.org1.example.com Names:[{C:US ST:North Carolina L:Durham O:org1.example.com OU: SerialNumber:}] Hosts:[localhost org1.example.com] KeyRequest:0xc0002763a0 CA:0xc000332990 SerialNumber:} Registry:{MaxEnrollments:-1 Identities:[{ Name:**** Pass:**** Type:client Affiliation: MaxEnrollments:0 Attrs:map[hf.AffiliationMgr:1 hf.GenCRL:1 hf.IntermediateCA:1 hf.Registrar.Attributes:* hf.Registrar.DelegateRoles:* hf.Registrar.Roles:* hf.Revoker:1]  }]} Affiliations:map[org1:[department1 department2] org2:[department1]] LDAP:{ Enabled:false URL:ldap://****:****@<host>:<port>/<base> UserFilter:(uid=%s) GroupFilter:(memberUid=%s) Attribute:{[uid member] [{ }] map[groups:[{ }]]} TLS:{false [] { }}  } DB:{ Type:sqlite3 Datasource:/etc/hyperledger/fabric-ca-server/fabric-ca-server.db TLS:{false [] { }}  } CSP:0xc000332ba0 Client:<nil> Intermediate:{ParentServer:{ URL: CAName:  } TLS:{Enabled:false CertFiles:[] Client:{KeyFile: CertFile:}} Enrollment:{ Name: Secret:**** CAName: AttrReqs:[] Profile: Label: CSR:<nil> Type:x509  }} CRL:{Expiry:24h0m0s} Idemix:{Curve:amcl.Fp256bn IssuerPublicKeyfile:/etc/hyperledger/fabric-ca-server/IssuerPublicKey IssuerSecretKeyfile:/etc/hyperledger/fabric-ca-server/msp/keystore/IssuerSecretKey RevocationPublicKeyfile:/etc/hyperledger/fabric-ca-server/IssuerRevocationPublicKey RevocationPrivateKeyfile:/etc/hyperledger/fabric-ca-server/msp/keystore/IssuerRevocationPrivateKey RHPoolSize:100 NonceExpiration:15s NonceSweepInterval:15m}}
2023/10/22 15:44:32 [DEBUG] DB: Getting identity org1admin
2023/10/22 15:44:32 [DEBUG] DB: Login user org1admin with max enrollments of -1 and state of 0
2023/10/22 15:44:32 [DEBUG] DB: identity org1admin successfully logged in
2023/10/22 15:44:32 [DEBUG] DB: Getting identity org1admin
2023/10/22 15:44:32 [DEBUG] Requested expiry '0001-01-01 00:00:00 +0000 UTC' is before the CA certificate expiry '2023-10-22 15:40:00 +0000 UTC'. Will use CA cert expiry
2023/10/22 15:44:32 [DEBUG] Processing sign request: id=org1admin, CommonName=org1admin, Subject=<nil>
2023/10/22 15:44:32 [DEBUG] Request is not for a CA signing certificate
2023/10/22 15:44:32 [DEBUG] Checking CSR fields to make sure that they do not exceed maximum character limits
2023/10/22 15:44:32 [DEBUG] Finished processing sign request
2023/10/22 15:44:32 [DEBUG] DB: Getting identity org1admin
2023/10/22 15:44:32 [DEBUG] Attribute extension being added to certificate is: &{ID:[1 2 3 4 5 6 7 8 1] Critical:false Value:7b226174747273223a7b2268662e416666696c696174696f6e223a22222c2268662e456e726f6c6c6d656e744944223a226f72673161646d696e222c2268662e54797065223a2261646d696e227d7d}
2023/10/22 15:44:32 [DEBUG] Adding attribute extension to CSR: &{ID:[1 2 3 4 5 6 7 8 1] Critical:false Value:7b226174747273223a7b2268662e416666696c696174696f6e223a22222c2268662e456e726f6c6c6d656e744944223a226f72673161646d696e222c2268662e54797065223a2261646d696e227d7d}
2023/10/22 15:44:32 [INFO] signed certificate with serial number 153366872757838066892614317330123476002130009699
2023/10/22 15:44:32 [DEBUG] DB: Insert Certificate
2023/10/22 15:44:32 [DEBUG] Saved serial number as hex 1add355b5346bc0bb1d806d508b3a3f886469e63
2023/10/22 15:44:32 [DEBUG] saved certificate with serial number 153366872757838066892614317330123476002130009699
2023/10/22 15:44:32 [DEBUG] Successfully incremented state for identity org1admin to 1
2023/10/22 15:44:32 [INFO] 172.18.0.1:50170 POST /enroll 201 0 "OK"
