2023/08/06 12:55:18 [DEBUG] Home directory: /etc/hyperledger/fabric-ca-server
2023/08/06 12:55:18 [INFO] Configuration file location: /etc/hyperledger/fabric-ca-server/fabric-ca-server-config.yaml
2023/08/06 12:55:18 [INFO] Starting server in home directory: /etc/hyperledger/fabric-ca-server
2023/08/06 12:55:18 [WARNING] Unknown provider type: ; metrics disabled
2023/08/06 12:55:18 [DEBUG] Set log level: 
2023/08/06 12:55:18 [INFO] Server Version: v1.5.6
2023/08/06 12:55:18 [INFO] Server Levels: &{Identity:2 Affiliation:1 Certificate:1 Credential:1 RAInfo:1 Nonce:1}
2023/08/06 12:55:18 [DEBUG] Making server filenames absolute
2023/08/06 12:55:18 [DEBUG] Initializing default CA in directory /etc/hyperledger/fabric-ca-server
2023/08/06 12:55:18 [DEBUG] Init CA with home /etc/hyperledger/fabric-ca-server and config {Version:1.2.0 Cfg:{Identities:{PasswordAttempts:10 AllowRemove:false} Affiliations:{AllowRemove:false}} CA:{Name:ca-org1 Keyfile: Certfile:ca-cert.pem Chainfile:ca-chain.pem ReenrollIgnoreCertExpiry:false} Signing:0xc000401890 CSR:{CN:ca.org1.example.com Names:[{C:US ST:North Carolina L:Durham O:org1.example.com OU: SerialNumber:}] Hosts:[localhost org1.example.com] KeyRequest:0xc000486d40 CA:0xc00030ad50 SerialNumber:} Registry:{MaxEnrollments:-1 Identities:[{ Name:**** Pass:**** Type:client Affiliation: MaxEnrollments:0 Attrs:map[hf.AffiliationMgr:1 hf.GenCRL:1 hf.IntermediateCA:1 hf.Registrar.Attributes:* hf.Registrar.DelegateRoles:* hf.Registrar.Roles:* hf.Revoker:1]  }]} Affiliations:map[org1:[department1 department2] org2:[department1]] LDAP:{ Enabled:false URL:ldap://****:****@<host>:<port>/<base> UserFilter:(uid=%s) GroupFilter:(memberUid=%s) Attribute:{[uid member] [{ }] map[groups:[{ }]]} TLS:{false [] { }}  } DB:{ Type:sqlite3 Datasource:fabric-ca-server.db TLS:{false [] { }}  } CSP:0xc00030af60 Client:<nil> Intermediate:{ParentServer:{ URL: CAName:  } TLS:{Enabled:false CertFiles:[] Client:{KeyFile: CertFile:}} Enrollment:{ Name: Secret:**** CAName: AttrReqs:[] Profile: Label: CSR:<nil> Type:x509  }} CRL:{Expiry:24h0m0s} Idemix:{Curve:amcl.Fp256bn IssuerPublicKeyfile: IssuerSecretKeyfile: RevocationPublicKeyfile: RevocationPrivateKeyfile: RHPoolSize:100 NonceExpiration:15s NonceSweepInterval:15m}}
2023/08/06 12:55:18 [DEBUG] CA Home Directory: /etc/hyperledger/fabric-ca-server
2023/08/06 12:55:18 [DEBUG] Checking configuration file version '1.2.0' against server version: 'v1.5.6'
2023/08/06 12:55:18 [DEBUG] Initializing BCCSP: &{ProviderName:SW SwOpts:0xc00030afc0 PluginOpts:<nil> Pkcs11Opts:<nil>}
2023/08/06 12:55:18 [DEBUG] Initializing BCCSP with software options &{SecLevel:256 HashFamily:SHA2 FileKeystore:0xc000420ef0 DummyKeystore:<nil> InmemKeystore:<nil>}
2023/08/06 12:55:18 [DEBUG] Initialize key material
2023/08/06 12:55:18 [DEBUG] Making CA filenames absolute
2023/08/06 12:55:18 [WARNING] &{69 The specified CA certificate file /etc/hyperledger/fabric-ca-server/ca-cert.pem does not exist}
2023/08/06 12:55:18 [DEBUG] Root CA certificate request: {CN:ca.org1.example.com Names:[{C:US ST:North Carolina L:Durham O:org1.example.com OU: SerialNumber:}] Hosts:[localhost org1.example.com] KeyRequest:0xc0000125e8 CA:0xc00030ad50 SerialNumber:}
2023/08/06 12:55:18 [INFO] generating key: &{A:ecdsa S:256}
2023/08/06 12:55:18 [DEBUG] generate key from request: algo=ecdsa, size=256
2023/08/06 12:55:18 [INFO] encoded CSR
2023/08/06 12:55:18 [DEBUG] validating configuration
2023/08/06 12:55:18 [DEBUG] validate local profile
2023/08/06 12:55:18 [DEBUG] profile is valid
2023/08/06 12:55:18 [INFO] signed certificate with serial number 565703098922985099448976270911460733317878027367
2023/08/06 12:55:18 [INFO] The CA key and certificate were generated for CA ca-org1
2023/08/06 12:55:18 [INFO] The key was stored by BCCSP provider 'SW'
2023/08/06 12:55:18 [INFO] The certificate is at: /etc/hyperledger/fabric-ca-server/ca-cert.pem
2023/08/06 12:55:18 [DEBUG] Initializing DB
2023/08/06 12:55:18 [DEBUG] Initializing 'sqlite3' database at '/etc/hyperledger/fabric-ca-server/fabric-ca-server.db'
2023/08/06 12:55:18 [DEBUG] Using sqlite database, connect to database in home (/etc/hyperledger/fabric-ca-server/fabric-ca-server.db) directory
2023/08/06 12:55:18 [DEBUG] Creating SQLite database (/etc/hyperledger/fabric-ca-server/fabric-ca-server.db) if it does not exist...
2023/08/06 12:55:18 [DEBUG] Creating users table if it does not exist
2023/08/06 12:55:18 [DEBUG] Creating affiliations table if it does not exist
2023/08/06 12:55:18 [DEBUG] Creating certificates table if it does not exist
2023/08/06 12:55:18 [DEBUG] Creating credentials table if it does not exist
2023/08/06 12:55:18 [DEBUG] Creating revocation_authority_info table if it does not exist
2023/08/06 12:55:18 [DEBUG] Creating nonces table if it does not exist
2023/08/06 12:55:18 [DEBUG] Creating properties table if it does not exist
2023/08/06 12:55:18 [DEBUG] Successfully opened sqlite3 DB
2023/08/06 12:55:18 [DEBUG] Initializing identity registry
2023/08/06 12:55:18 [DEBUG] Initialized DB identity registry
2023/08/06 12:55:18 [DEBUG] Checking database levels '&{Identity:0 Affiliation:0 Certificate:0 Credential:0 RAInfo:0 Nonce:0}' against server levels '&{Identity:2 Affiliation:1 Certificate:1 Credential:1 RAInfo:1 Nonce:1}'
2023/08/06 12:55:18 [DEBUG] Migrating users table...
2023/08/06 12:55:18 [DEBUG] Upgrade identity table to level 1
2023/08/06 12:55:18 [DEBUG] Creating users table if it does not exist
2023/08/06 12:55:18 [DEBUG] Upgrade identity table to level 2
2023/08/06 12:55:18 [DEBUG] Creating users table if it does not exist
2023/08/06 12:55:18 [DEBUG] Migrating affiliation table...
2023/08/06 12:55:18 [DEBUG] Upgrade affiliations table to level 1
2023/08/06 12:55:18 [DEBUG] Creating affiliations table if it does not exist
2023/08/06 12:55:18 [DEBUG] Upgrade certificates table...
2023/08/06 12:55:18 [DEBUG] Upgrade certificates table to level 1
2023/08/06 12:55:18 [DEBUG] Creating certificates table if it does not exist
2023/08/06 12:55:18 [DEBUG] Migrating credentials table...
2023/08/06 12:55:18 [DEBUG] Migrating nonces table...
2023/08/06 12:55:18 [DEBUG] Migrating revocation_authority_info table...
2023/08/06 12:55:18 [DEBUG] Loading identity table
2023/08/06 12:55:18 [DEBUG] Loading identity 'admin'
2023/08/06 12:55:18 [DEBUG] DB: Getting identity admin
2023/08/06 12:55:18 [DEBUG] Max enrollment value verification - User specified max enrollment: 0, CA max enrollment: -1
2023/08/06 12:55:18 [DEBUG] DB: Add identity admin
2023/08/06 12:55:18 [DEBUG] Successfully added identity admin to the database
2023/08/06 12:55:18 [DEBUG] Registered identity: { Name:**** Pass:**** Type:client Affiliation: MaxEnrollments:-1 Attrs:map[hf.AffiliationMgr:1 hf.GenCRL:1 hf.IntermediateCA:1 hf.Registrar.Attributes:* hf.Registrar.DelegateRoles:* hf.Registrar.Roles:* hf.Revoker:1]  }
2023/08/06 12:55:18 [DEBUG] Successfully loaded identity table
2023/08/06 12:55:18 [DEBUG] Loading affiliations table
2023/08/06 12:55:18 [DEBUG] DB: Add affiliation org1
2023/08/06 12:55:18 [DEBUG] Affiliation 'org1' added
2023/08/06 12:55:18 [DEBUG] DB: Add affiliation org1.department1
2023/08/06 12:55:18 [DEBUG] Affiliation 'org1.department1' added
2023/08/06 12:55:18 [DEBUG] DB: Add affiliation org1.department2
2023/08/06 12:55:18 [DEBUG] Affiliation 'org1.department2' added
2023/08/06 12:55:18 [DEBUG] DB: Add affiliation org2
2023/08/06 12:55:18 [DEBUG] Affiliation 'org2' added
2023/08/06 12:55:18 [DEBUG] DB: Add affiliation org2.department1
2023/08/06 12:55:18 [DEBUG] Affiliation 'org2.department1' added
2023/08/06 12:55:18 [DEBUG] Successfully loaded affiliations table
2023/08/06 12:55:18 [INFO] Initialized sqlite3 database at /etc/hyperledger/fabric-ca-server/fabric-ca-server.db
2023/08/06 12:55:18 [DEBUG] Initializing enrollment signer
2023/08/06 12:55:18 [DEBUG] validating configuration
2023/08/06 12:55:18 [DEBUG] validate local profile
2023/08/06 12:55:18 [DEBUG] profile is valid
2023/08/06 12:55:18 [DEBUG] validate local profile
2023/08/06 12:55:18 [DEBUG] profile is valid
2023/08/06 12:55:18 [DEBUG] validate local profile
2023/08/06 12:55:18 [DEBUG] profile is valid
2023/08/06 12:55:18 [DEBUG] CA initialization successful
2023/08/06 12:55:18 [DEBUG] Initializing Idemix issuer...
2023/08/06 12:55:18 [DEBUG] Using curve amcl.Fp256bn for Idemix
2023/08/06 12:55:19 [INFO] The issuer key was successfully stored. The public key is at: /etc/hyperledger/fabric-ca-server/IssuerPublicKey, secret key is at: /etc/hyperledger/fabric-ca-server/msp/keystore/IssuerSecretKey
2023/08/06 12:55:19 [DEBUG] Intializing revocation authority for issuer 'ca-org1'
2023/08/06 12:55:19 [DEBUG] Initialize Idemix issuer revocation key material
2023/08/06 12:55:19 [INFO] Idemix issuer revocation public and secret keys were generated for CA 'ca-org1'
2023/08/06 12:55:19 [INFO] The revocation key was successfully stored. The public key is at: /etc/hyperledger/fabric-ca-server/IssuerRevocationPublicKey, private key is at: /etc/hyperledger/fabric-ca-server/msp/keystore/IssuerRevocationPrivateKey
2023/08/06 12:55:19 [DEBUG] Intializing nonce manager for issuer 'ca-org1'
2023/08/06 12:55:19 [INFO] Home directory for default CA: /etc/hyperledger/fabric-ca-server
2023/08/06 12:55:19 [DEBUG] 1 CA instance(s) running on server
2023/08/06 12:55:19 [INFO] Operation Server Listening on [::]:17054
2023/08/06 12:55:19 [DEBUG] TLS is enabled
2023/08/06 12:55:19 [DEBUG] TLS enabled but either certificate or key file does not exist, automatically generating TLS credentials
2023/08/06 12:55:19 [DEBUG] TLS CSR: {CN:ca.org1.example.com Names:[{C:US ST:North Carolina L:Durham O:org1.example.com OU: SerialNumber:}] Hosts:[localhost org1.example.com] KeyRequest:0xc000487200 CA:<nil> SerialNumber:}
2023/08/06 12:55:19 [DEBUG] GenCSR &{CN:ca.org1.example.com Names:[{C:US ST:North Carolina L:Durham O:org1.example.com OU: SerialNumber:}] Hosts:[localhost org1.example.com] KeyRequest:0xc000487200 CA:<nil> SerialNumber:}
2023/08/06 12:55:19 [DEBUG] Initializing client with config: &{URL: MSPDir: TLS:{Enabled:false CertFiles:[] Client:{KeyFile: CertFile:}} Enrollment:{ Name: Secret:**** CAName: AttrReqs:[] Profile: Label: CSR:<nil> Type:  } CSR:{CN: Names:[] Hosts:[] KeyRequest:<nil> CA:<nil> SerialNumber:} ID:{Name: Type: Secret: MaxEnrollments:0 Affiliation: Attributes:[] CAName:} Revoke:{Name: Serial: AKI: Reason: CAName: GenCRL:false} CAInfo:{CAName:} CAName: CSP:0xc00030af60 Debug:false LogLevel: Idemix:{Curve:}}
2023/08/06 12:55:19 [DEBUG] Initializing BCCSP: &{ProviderName:SW SwOpts:0xc00030afc0 PluginOpts:<nil> Pkcs11Opts:<nil>}
2023/08/06 12:55:19 [DEBUG] Initializing BCCSP with software options &{SecLevel:256 HashFamily:SHA2 FileKeystore:0xc000420ef0 DummyKeystore:<nil> InmemKeystore:<nil>}
2023/08/06 12:55:19 [DEBUG] CurveID for Idemix not specified, defaulting to amcl.Fp256bn
2023/08/06 12:55:19 [INFO] generating key: &{A:ecdsa S:256}
2023/08/06 12:55:19 [DEBUG] generate key from request: algo=ecdsa, size=256
2023/08/06 12:55:19 [INFO] encoded CSR
2023/08/06 12:55:19 [INFO] signed certificate with serial number 318998157705777292008703024881914964487373359664
2023/08/06 12:55:19 [DEBUG] DB: Insert Certificate
2023/08/06 12:55:19 [DEBUG] Saved serial number as hex 37e05f42c3bfd5d0f5c6a311b26dc8b9d1208a30
2023/08/06 12:55:19 [DEBUG] saved certificate with serial number 318998157705777292008703024881914964487373359664
2023/08/06 12:55:19 [DEBUG] Generated TLS Certificate: /etc/hyperledger/fabric-ca-server/tls-cert.pem
2023/08/06 12:55:19 [DEBUG] Client authentication type requested: noclientcert
2023/08/06 12:55:19 [INFO] Listening on https://0.0.0.0:7054
2023/08/06 12:55:19 [DEBUG] Received request for /enroll
2023/08/06 12:55:19 [DEBUG] ca.Config: &{Version:1.2.0 Cfg:{Identities:{PasswordAttempts:10 AllowRemove:false} Affiliations:{AllowRemove:false}} CA:{Name:ca-org1 Keyfile:/etc/hyperledger/fabric-ca-server/ca-key.pem Certfile:/etc/hyperledger/fabric-ca-server/ca-cert.pem Chainfile:/etc/hyperledger/fabric-ca-server/ca-chain.pem ReenrollIgnoreCertExpiry:false} Signing:0xc000401890 CSR:{CN:ca.org1.example.com Names:[{C:US ST:North Carolina L:Durham O:org1.example.com OU: SerialNumber:}] Hosts:[localhost org1.example.com] KeyRequest:0xc000487200 CA:0xc00030ad50 SerialNumber:} Registry:{MaxEnrollments:-1 Identities:[{ Name:**** Pass:**** Type:client Affiliation: MaxEnrollments:0 Attrs:map[hf.AffiliationMgr:1 hf.GenCRL:1 hf.IntermediateCA:1 hf.Registrar.Attributes:* hf.Registrar.DelegateRoles:* hf.Registrar.Roles:* hf.Revoker:1]  }]} Affiliations:map[org1:[department1 department2] org2:[department1]] LDAP:{ Enabled:false URL:ldap://****:****@<host>:<port>/<base> UserFilter:(uid=%s) GroupFilter:(memberUid=%s) Attribute:{[uid member] [{ }] map[groups:[{ }]]} TLS:{false [] { }}  } DB:{ Type:sqlite3 Datasource:/etc/hyperledger/fabric-ca-server/fabric-ca-server.db TLS:{false [] { }}  } CSP:0xc00030af60 Client:<nil> Intermediate:{ParentServer:{ URL: CAName:  } TLS:{Enabled:false CertFiles:[] Client:{KeyFile: CertFile:}} Enrollment:{ Name: Secret:**** CAName: AttrReqs:[] Profile: Label: CSR:<nil> Type:x509  }} CRL:{Expiry:24h0m0s} Idemix:{Curve:amcl.Fp256bn IssuerPublicKeyfile:/etc/hyperledger/fabric-ca-server/IssuerPublicKey IssuerSecretKeyfile:/etc/hyperledger/fabric-ca-server/msp/keystore/IssuerSecretKey RevocationPublicKeyfile:/etc/hyperledger/fabric-ca-server/IssuerRevocationPublicKey RevocationPrivateKeyfile:/etc/hyperledger/fabric-ca-server/msp/keystore/IssuerRevocationPrivateKey RHPoolSize:100 NonceExpiration:15s NonceSweepInterval:15m}}
2023/08/06 12:55:19 [DEBUG] DB: Getting identity admin
2023/08/06 12:55:19 [DEBUG] DB: Login user admin with max enrollments of -1 and state of 0
2023/08/06 12:55:20 [DEBUG] DB: identity admin successfully logged in
2023/08/06 12:55:20 [DEBUG] DB: Getting identity admin
2023/08/06 12:55:20 [DEBUG] Requested expiry '0001-01-01 00:00:00 +0000 UTC' is before the CA certificate expiry '2023-08-06 12:50:00 +0000 UTC'. Will use CA cert expiry
2023/08/06 12:55:20 [DEBUG] Processing sign request: id=admin, CommonName=admin, Subject=<nil>
2023/08/06 12:55:20 [DEBUG] Request is not for a CA signing certificate
2023/08/06 12:55:20 [DEBUG] Checking CSR fields to make sure that they do not exceed maximum character limits
2023/08/06 12:55:20 [DEBUG] Finished processing sign request
2023/08/06 12:55:20 [DEBUG] DB: Getting identity admin
2023/08/06 12:55:20 [INFO] signed certificate with serial number 684112145486069893782761194949966444244682391290
2023/08/06 12:55:20 [DEBUG] DB: Insert Certificate
2023/08/06 12:55:20 [DEBUG] Saved serial number as hex 77d4a649de95eb5ae41b80c306b80afd4f77befa
2023/08/06 12:55:20 [DEBUG] saved certificate with serial number 684112145486069893782761194949966444244682391290
2023/08/06 12:55:20 [DEBUG] Successfully incremented state for identity admin to 1
2023/08/06 12:55:20 [INFO] 172.26.0.1:35384 POST /enroll 201 0 "OK"
2023/08/06 12:55:20 [DEBUG] Received request for /register
2023/08/06 12:55:20 [DEBUG] Caller is using a x509 certificate
2023/08/06 12:55:20 [DEBUG] Certicate Dates: NotAfter = 2024-08-05 12:55:00 +0000 UTC NotBefore = 2023-08-06 12:50:00 +0000 UTC 
2023/08/06 12:55:20 [DEBUG] Checking for revocation/expiration of certificate owned by 'admin'
2023/08/06 12:55:20 [DEBUG] DB: Get certificate by serial (77d4a649de95eb5ae41b80c306b80afd4f77befa) and aki (bb0a3672966f604eb6a7c1bea1a5f217faf428a5)
2023/08/06 12:55:20 [DEBUG] DB: Getting identity admin
2023/08/06 12:55:20 [DEBUG] Successful token authentication of 'admin'
2023/08/06 12:55:20 [DEBUG] Received registration request from admin: { Name:peer0 Type:peer Secret:**** MaxEnrollments:0 Affiliation: Attributes:[] CAName:ca-org1  }
2023/08/06 12:55:20 [DEBUG] No affiliation provided in registration request, will default to using registrar's affiliation of ''
2023/08/06 12:55:20 [DEBUG] canRegister - Check to see if user 'admin' can register
2023/08/06 12:55:20 [DEBUG] Checking to see if caller 'admin' can act on type 'peer'
2023/08/06 12:55:20 [DEBUG] Checking to see if caller 'admin' is a registrar
2023/08/06 12:55:20 [DEBUG] Validating affiliation: 
2023/08/06 12:55:20 [DEBUG] Checking to see if affiliation '' contains caller's affiliation ''
2023/08/06 12:55:20 [DEBUG] Caller has root affiliation
2023/08/06 12:55:20 [DEBUG] Registering user id: peer0
2023/08/06 12:55:20 [DEBUG] Max enrollment value verification - User specified max enrollment: 0, CA max enrollment: -1
2023/08/06 12:55:20 [DEBUG] DB: Getting identity peer0
2023/08/06 12:55:20 [DEBUG] DB: Add identity peer0
2023/08/06 12:55:20 [DEBUG] Successfully added identity peer0 to the database
2023/08/06 12:55:20 [INFO] 172.26.0.1:35392 POST /register 201 0 "OK"
2023/08/06 12:55:20 [DEBUG] Received request for /register
2023/08/06 12:55:20 [DEBUG] Caller is using a x509 certificate
2023/08/06 12:55:20 [DEBUG] Certicate Dates: NotAfter = 2024-08-05 12:55:00 +0000 UTC NotBefore = 2023-08-06 12:50:00 +0000 UTC 
2023/08/06 12:55:20 [DEBUG] Checking for revocation/expiration of certificate owned by 'admin'
2023/08/06 12:55:20 [DEBUG] DB: Get certificate by serial (77d4a649de95eb5ae41b80c306b80afd4f77befa) and aki (bb0a3672966f604eb6a7c1bea1a5f217faf428a5)
2023/08/06 12:55:20 [DEBUG] DB: Getting identity admin
2023/08/06 12:55:20 [DEBUG] Successful token authentication of 'admin'
2023/08/06 12:55:20 [DEBUG] Received registration request from admin: { Name:user1 Type:client Secret:**** MaxEnrollments:0 Affiliation: Attributes:[] CAName:ca-org1  }
2023/08/06 12:55:20 [DEBUG] No affiliation provided in registration request, will default to using registrar's affiliation of ''
2023/08/06 12:55:20 [DEBUG] canRegister - Check to see if user 'admin' can register
2023/08/06 12:55:20 [DEBUG] Checking to see if caller 'admin' can act on type 'client'
2023/08/06 12:55:20 [DEBUG] Checking to see if caller 'admin' is a registrar
2023/08/06 12:55:20 [DEBUG] Validating affiliation: 
2023/08/06 12:55:20 [DEBUG] Checking to see if affiliation '' contains caller's affiliation ''
2023/08/06 12:55:20 [DEBUG] Caller has root affiliation
2023/08/06 12:55:20 [DEBUG] Registering user id: user1
2023/08/06 12:55:20 [DEBUG] Max enrollment value verification - User specified max enrollment: 0, CA max enrollment: -1
2023/08/06 12:55:20 [DEBUG] DB: Getting identity user1
2023/08/06 12:55:20 [DEBUG] DB: Add identity user1
2023/08/06 12:55:20 [DEBUG] Successfully added identity user1 to the database
2023/08/06 12:55:20 [INFO] 172.26.0.1:35408 POST /register 201 0 "OK"
2023/08/06 12:55:21 [DEBUG] Received request for /register
2023/08/06 12:55:21 [DEBUG] Caller is using a x509 certificate
2023/08/06 12:55:21 [DEBUG] Certicate Dates: NotAfter = 2024-08-05 12:55:00 +0000 UTC NotBefore = 2023-08-06 12:50:00 +0000 UTC 
2023/08/06 12:55:21 [DEBUG] Checking for revocation/expiration of certificate owned by 'admin'
2023/08/06 12:55:21 [DEBUG] DB: Get certificate by serial (77d4a649de95eb5ae41b80c306b80afd4f77befa) and aki (bb0a3672966f604eb6a7c1bea1a5f217faf428a5)
2023/08/06 12:55:21 [DEBUG] DB: Getting identity admin
2023/08/06 12:55:21 [DEBUG] Successful token authentication of 'admin'
2023/08/06 12:55:21 [DEBUG] Received registration request from admin: { Name:org1admin Type:admin Secret:**** MaxEnrollments:0 Affiliation: Attributes:[] CAName:ca-org1  }
2023/08/06 12:55:21 [DEBUG] No affiliation provided in registration request, will default to using registrar's affiliation of ''
2023/08/06 12:55:21 [DEBUG] canRegister - Check to see if user 'admin' can register
2023/08/06 12:55:21 [DEBUG] Checking to see if caller 'admin' can act on type 'admin'
2023/08/06 12:55:21 [DEBUG] Checking to see if caller 'admin' is a registrar
2023/08/06 12:55:21 [DEBUG] Validating affiliation: 
2023/08/06 12:55:21 [DEBUG] Checking to see if affiliation '' contains caller's affiliation ''
2023/08/06 12:55:21 [DEBUG] Caller has root affiliation
2023/08/06 12:55:21 [DEBUG] Registering user id: org1admin
2023/08/06 12:55:21 [DEBUG] Max enrollment value verification - User specified max enrollment: 0, CA max enrollment: -1
2023/08/06 12:55:21 [DEBUG] DB: Getting identity org1admin
2023/08/06 12:55:21 [DEBUG] DB: Add identity org1admin
2023/08/06 12:55:21 [DEBUG] Successfully added identity org1admin to the database
2023/08/06 12:55:21 [INFO] 172.26.0.1:35420 POST /register 201 0 "OK"
2023/08/06 12:55:21 [DEBUG] Received request for /enroll
2023/08/06 12:55:21 [DEBUG] ca.Config: &{Version:1.2.0 Cfg:{Identities:{PasswordAttempts:10 AllowRemove:false} Affiliations:{AllowRemove:false}} CA:{Name:ca-org1 Keyfile:/etc/hyperledger/fabric-ca-server/ca-key.pem Certfile:/etc/hyperledger/fabric-ca-server/ca-cert.pem Chainfile:/etc/hyperledger/fabric-ca-server/ca-chain.pem ReenrollIgnoreCertExpiry:false} Signing:0xc000401890 CSR:{CN:ca.org1.example.com Names:[{C:US ST:North Carolina L:Durham O:org1.example.com OU: SerialNumber:}] Hosts:[localhost org1.example.com] KeyRequest:0xc000487200 CA:0xc00030ad50 SerialNumber:} Registry:{MaxEnrollments:-1 Identities:[{ Name:**** Pass:**** Type:client Affiliation: MaxEnrollments:0 Attrs:map[hf.AffiliationMgr:1 hf.GenCRL:1 hf.IntermediateCA:1 hf.Registrar.Attributes:* hf.Registrar.DelegateRoles:* hf.Registrar.Roles:* hf.Revoker:1]  }]} Affiliations:map[org1:[department1 department2] org2:[department1]] LDAP:{ Enabled:false URL:ldap://****:****@<host>:<port>/<base> UserFilter:(uid=%s) GroupFilter:(memberUid=%s) Attribute:{[uid member] [{ }] map[groups:[{ }]]} TLS:{false [] { }}  } DB:{ Type:sqlite3 Datasource:/etc/hyperledger/fabric-ca-server/fabric-ca-server.db TLS:{false [] { }}  } CSP:0xc00030af60 Client:<nil> Intermediate:{ParentServer:{ URL: CAName:  } TLS:{Enabled:false CertFiles:[] Client:{KeyFile: CertFile:}} Enrollment:{ Name: Secret:**** CAName: AttrReqs:[] Profile: Label: CSR:<nil> Type:x509  }} CRL:{Expiry:24h0m0s} Idemix:{Curve:amcl.Fp256bn IssuerPublicKeyfile:/etc/hyperledger/fabric-ca-server/IssuerPublicKey IssuerSecretKeyfile:/etc/hyperledger/fabric-ca-server/msp/keystore/IssuerSecretKey RevocationPublicKeyfile:/etc/hyperledger/fabric-ca-server/IssuerRevocationPublicKey RevocationPrivateKeyfile:/etc/hyperledger/fabric-ca-server/msp/keystore/IssuerRevocationPrivateKey RHPoolSize:100 NonceExpiration:15s NonceSweepInterval:15m}}
2023/08/06 12:55:21 [DEBUG] DB: Getting identity peer0
2023/08/06 12:55:21 [DEBUG] DB: Login user peer0 with max enrollments of -1 and state of 0
2023/08/06 12:55:21 [DEBUG] DB: identity peer0 successfully logged in
2023/08/06 12:55:21 [DEBUG] DB: Getting identity peer0
2023/08/06 12:55:21 [DEBUG] Requested expiry '0001-01-01 00:00:00 +0000 UTC' is before the CA certificate expiry '2023-08-06 12:50:00 +0000 UTC'. Will use CA cert expiry
2023/08/06 12:55:21 [DEBUG] Processing sign request: id=peer0, CommonName=peer0, Subject=<nil>
2023/08/06 12:55:21 [DEBUG] Request is not for a CA signing certificate
2023/08/06 12:55:21 [DEBUG] Checking CSR fields to make sure that they do not exceed maximum character limits
2023/08/06 12:55:21 [DEBUG] Finished processing sign request
2023/08/06 12:55:21 [DEBUG] DB: Getting identity peer0
2023/08/06 12:55:21 [DEBUG] Attribute extension being added to certificate is: &{ID:[1 2 3 4 5 6 7 8 1] Critical:false Value:7b226174747273223a7b2268662e416666696c696174696f6e223a22222c2268662e456e726f6c6c6d656e744944223a227065657230222c2268662e54797065223a2270656572227d7d}
2023/08/06 12:55:21 [DEBUG] Adding attribute extension to CSR: &{ID:[1 2 3 4 5 6 7 8 1] Critical:false Value:7b226174747273223a7b2268662e416666696c696174696f6e223a22222c2268662e456e726f6c6c6d656e744944223a227065657230222c2268662e54797065223a2270656572227d7d}
2023/08/06 12:55:21 [INFO] signed certificate with serial number 120657807524700449089862820177862527232334529331
2023/08/06 12:55:21 [DEBUG] DB: Insert Certificate
2023/08/06 12:55:21 [DEBUG] Saved serial number as hex 15227bb3d1d936e0040e9ea7559e7ab9870a8333
2023/08/06 12:55:21 [DEBUG] saved certificate with serial number 120657807524700449089862820177862527232334529331
2023/08/06 12:55:21 [DEBUG] Successfully incremented state for identity peer0 to 1
2023/08/06 12:55:21 [INFO] 172.26.0.1:35430 POST /enroll 201 0 "OK"
2023/08/06 12:55:22 [DEBUG] Received request for /enroll
2023/08/06 12:55:22 [DEBUG] ca.Config: &{Version:1.2.0 Cfg:{Identities:{PasswordAttempts:10 AllowRemove:false} Affiliations:{AllowRemove:false}} CA:{Name:ca-org1 Keyfile:/etc/hyperledger/fabric-ca-server/ca-key.pem Certfile:/etc/hyperledger/fabric-ca-server/ca-cert.pem Chainfile:/etc/hyperledger/fabric-ca-server/ca-chain.pem ReenrollIgnoreCertExpiry:false} Signing:0xc000401890 CSR:{CN:ca.org1.example.com Names:[{C:US ST:North Carolina L:Durham O:org1.example.com OU: SerialNumber:}] Hosts:[localhost org1.example.com] KeyRequest:0xc000487200 CA:0xc00030ad50 SerialNumber:} Registry:{MaxEnrollments:-1 Identities:[{ Name:**** Pass:**** Type:client Affiliation: MaxEnrollments:0 Attrs:map[hf.AffiliationMgr:1 hf.GenCRL:1 hf.IntermediateCA:1 hf.Registrar.Attributes:* hf.Registrar.DelegateRoles:* hf.Registrar.Roles:* hf.Revoker:1]  }]} Affiliations:map[org1:[department1 department2] org2:[department1]] LDAP:{ Enabled:false URL:ldap://****:****@<host>:<port>/<base> UserFilter:(uid=%s) GroupFilter:(memberUid=%s) Attribute:{[uid member] [{ }] map[groups:[{ }]]} TLS:{false [] { }}  } DB:{ Type:sqlite3 Datasource:/etc/hyperledger/fabric-ca-server/fabric-ca-server.db TLS:{false [] { }}  } CSP:0xc00030af60 Client:<nil> Intermediate:{ParentServer:{ URL: CAName:  } TLS:{Enabled:false CertFiles:[] Client:{KeyFile: CertFile:}} Enrollment:{ Name: Secret:**** CAName: AttrReqs:[] Profile: Label: CSR:<nil> Type:x509  }} CRL:{Expiry:24h0m0s} Idemix:{Curve:amcl.Fp256bn IssuerPublicKeyfile:/etc/hyperledger/fabric-ca-server/IssuerPublicKey IssuerSecretKeyfile:/etc/hyperledger/fabric-ca-server/msp/keystore/IssuerSecretKey RevocationPublicKeyfile:/etc/hyperledger/fabric-ca-server/IssuerRevocationPublicKey RevocationPrivateKeyfile:/etc/hyperledger/fabric-ca-server/msp/keystore/IssuerRevocationPrivateKey RHPoolSize:100 NonceExpiration:15s NonceSweepInterval:15m}}
2023/08/06 12:55:22 [DEBUG] DB: Getting identity peer0
2023/08/06 12:55:22 [DEBUG] DB: Login user peer0 with max enrollments of -1 and state of 1
2023/08/06 12:55:22 [DEBUG] DB: identity peer0 successfully logged in
2023/08/06 12:55:22 [DEBUG] DB: Getting identity peer0
2023/08/06 12:55:22 [DEBUG] Requested expiry '0001-01-01 00:00:00 +0000 UTC' is before the CA certificate expiry '2023-08-06 12:50:00 +0000 UTC'. Will use CA cert expiry
2023/08/06 12:55:22 [DEBUG] Processing sign request: id=peer0, CommonName=peer0, Subject=<nil>
2023/08/06 12:55:22 [DEBUG] Request is not for a CA signing certificate
2023/08/06 12:55:22 [DEBUG] Checking CSR fields to make sure that they do not exceed maximum character limits
2023/08/06 12:55:22 [DEBUG] Finished processing sign request
2023/08/06 12:55:22 [DEBUG] DB: Getting identity peer0
2023/08/06 12:55:22 [DEBUG] Attribute extension being added to certificate is: &{ID:[1 2 3 4 5 6 7 8 1] Critical:false Value:7b226174747273223a7b2268662e416666696c696174696f6e223a22222c2268662e456e726f6c6c6d656e744944223a227065657230222c2268662e54797065223a2270656572227d7d}
2023/08/06 12:55:22 [DEBUG] Adding attribute extension to CSR: &{ID:[1 2 3 4 5 6 7 8 1] Critical:false Value:7b226174747273223a7b2268662e416666696c696174696f6e223a22222c2268662e456e726f6c6c6d656e744944223a227065657230222c2268662e54797065223a2270656572227d7d}
2023/08/06 12:55:22 [INFO] signed certificate with serial number 29130268336130206173834589906909200407439773981
2023/08/06 12:55:22 [DEBUG] DB: Insert Certificate
2023/08/06 12:55:22 [DEBUG] Saved serial number as hex 51a3f14aaead9bd6544fb48afb8b8e67b1e911d
2023/08/06 12:55:22 [DEBUG] saved certificate with serial number 29130268336130206173834589906909200407439773981
2023/08/06 12:55:22 [DEBUG] Successfully incremented state for identity peer0 to 2
2023/08/06 12:55:22 [INFO] 172.26.0.1:35438 POST /enroll 201 0 "OK"
2023/08/06 12:55:22 [DEBUG] Received request for /enroll
2023/08/06 12:55:22 [DEBUG] ca.Config: &{Version:1.2.0 Cfg:{Identities:{PasswordAttempts:10 AllowRemove:false} Affiliations:{AllowRemove:false}} CA:{Name:ca-org1 Keyfile:/etc/hyperledger/fabric-ca-server/ca-key.pem Certfile:/etc/hyperledger/fabric-ca-server/ca-cert.pem Chainfile:/etc/hyperledger/fabric-ca-server/ca-chain.pem ReenrollIgnoreCertExpiry:false} Signing:0xc000401890 CSR:{CN:ca.org1.example.com Names:[{C:US ST:North Carolina L:Durham O:org1.example.com OU: SerialNumber:}] Hosts:[localhost org1.example.com] KeyRequest:0xc000487200 CA:0xc00030ad50 SerialNumber:} Registry:{MaxEnrollments:-1 Identities:[{ Name:**** Pass:**** Type:client Affiliation: MaxEnrollments:0 Attrs:map[hf.AffiliationMgr:1 hf.GenCRL:1 hf.IntermediateCA:1 hf.Registrar.Attributes:* hf.Registrar.DelegateRoles:* hf.Registrar.Roles:* hf.Revoker:1]  }]} Affiliations:map[org1:[department1 department2] org2:[department1]] LDAP:{ Enabled:false URL:ldap://****:****@<host>:<port>/<base> UserFilter:(uid=%s) GroupFilter:(memberUid=%s) Attribute:{[uid member] [{ }] map[groups:[{ }]]} TLS:{false [] { }}  } DB:{ Type:sqlite3 Datasource:/etc/hyperledger/fabric-ca-server/fabric-ca-server.db TLS:{false [] { }}  } CSP:0xc00030af60 Client:<nil> Intermediate:{ParentServer:{ URL: CAName:  } TLS:{Enabled:false CertFiles:[] Client:{KeyFile: CertFile:}} Enrollment:{ Name: Secret:**** CAName: AttrReqs:[] Profile: Label: CSR:<nil> Type:x509  }} CRL:{Expiry:24h0m0s} Idemix:{Curve:amcl.Fp256bn IssuerPublicKeyfile:/etc/hyperledger/fabric-ca-server/IssuerPublicKey IssuerSecretKeyfile:/etc/hyperledger/fabric-ca-server/msp/keystore/IssuerSecretKey RevocationPublicKeyfile:/etc/hyperledger/fabric-ca-server/IssuerRevocationPublicKey RevocationPrivateKeyfile:/etc/hyperledger/fabric-ca-server/msp/keystore/IssuerRevocationPrivateKey RHPoolSize:100 NonceExpiration:15s NonceSweepInterval:15m}}
2023/08/06 12:55:22 [DEBUG] DB: Getting identity user1
2023/08/06 12:55:22 [DEBUG] DB: Login user user1 with max enrollments of -1 and state of 0
2023/08/06 12:55:22 [DEBUG] DB: identity user1 successfully logged in
2023/08/06 12:55:22 [DEBUG] DB: Getting identity user1
2023/08/06 12:55:22 [DEBUG] Requested expiry '0001-01-01 00:00:00 +0000 UTC' is before the CA certificate expiry '2023-08-06 12:50:00 +0000 UTC'. Will use CA cert expiry
2023/08/06 12:55:22 [DEBUG] Processing sign request: id=user1, CommonName=user1, Subject=<nil>
2023/08/06 12:55:22 [DEBUG] Request is not for a CA signing certificate
2023/08/06 12:55:22 [DEBUG] Checking CSR fields to make sure that they do not exceed maximum character limits
2023/08/06 12:55:22 [DEBUG] Finished processing sign request
2023/08/06 12:55:22 [DEBUG] DB: Getting identity user1
2023/08/06 12:55:22 [DEBUG] Attribute extension being added to certificate is: &{ID:[1 2 3 4 5 6 7 8 1] Critical:false Value:7b226174747273223a7b2268662e416666696c696174696f6e223a22222c2268662e456e726f6c6c6d656e744944223a227573657231222c2268662e54797065223a22636c69656e74227d7d}
2023/08/06 12:55:22 [DEBUG] Adding attribute extension to CSR: &{ID:[1 2 3 4 5 6 7 8 1] Critical:false Value:7b226174747273223a7b2268662e416666696c696174696f6e223a22222c2268662e456e726f6c6c6d656e744944223a227573657231222c2268662e54797065223a22636c69656e74227d7d}
2023/08/06 12:55:22 [INFO] signed certificate with serial number 686457664076153123651761560572375790862892773877
2023/08/06 12:55:22 [DEBUG] DB: Insert Certificate
2023/08/06 12:55:22 [DEBUG] Saved serial number as hex 783dd385801dbddb7fc54c71873ac899ceffb1f5
2023/08/06 12:55:22 [DEBUG] saved certificate with serial number 686457664076153123651761560572375790862892773877
2023/08/06 12:55:22 [DEBUG] Successfully incremented state for identity user1 to 1
2023/08/06 12:55:22 [INFO] 172.26.0.1:35450 POST /enroll 201 0 "OK"
2023/08/06 12:55:22 [DEBUG] Received request for /enroll
2023/08/06 12:55:22 [DEBUG] ca.Config: &{Version:1.2.0 Cfg:{Identities:{PasswordAttempts:10 AllowRemove:false} Affiliations:{AllowRemove:false}} CA:{Name:ca-org1 Keyfile:/etc/hyperledger/fabric-ca-server/ca-key.pem Certfile:/etc/hyperledger/fabric-ca-server/ca-cert.pem Chainfile:/etc/hyperledger/fabric-ca-server/ca-chain.pem ReenrollIgnoreCertExpiry:false} Signing:0xc000401890 CSR:{CN:ca.org1.example.com Names:[{C:US ST:North Carolina L:Durham O:org1.example.com OU: SerialNumber:}] Hosts:[localhost org1.example.com] KeyRequest:0xc000487200 CA:0xc00030ad50 SerialNumber:} Registry:{MaxEnrollments:-1 Identities:[{ Name:**** Pass:**** Type:client Affiliation: MaxEnrollments:0 Attrs:map[hf.AffiliationMgr:1 hf.GenCRL:1 hf.IntermediateCA:1 hf.Registrar.Attributes:* hf.Registrar.DelegateRoles:* hf.Registrar.Roles:* hf.Revoker:1]  }]} Affiliations:map[org1:[department1 department2] org2:[department1]] LDAP:{ Enabled:false URL:ldap://****:****@<host>:<port>/<base> UserFilter:(uid=%s) GroupFilter:(memberUid=%s) Attribute:{[uid member] [{ }] map[groups:[{ }]]} TLS:{false [] { }}  } DB:{ Type:sqlite3 Datasource:/etc/hyperledger/fabric-ca-server/fabric-ca-server.db TLS:{false [] { }}  } CSP:0xc00030af60 Client:<nil> Intermediate:{ParentServer:{ URL: CAName:  } TLS:{Enabled:false CertFiles:[] Client:{KeyFile: CertFile:}} Enrollment:{ Name: Secret:**** CAName: AttrReqs:[] Profile: Label: CSR:<nil> Type:x509  }} CRL:{Expiry:24h0m0s} Idemix:{Curve:amcl.Fp256bn IssuerPublicKeyfile:/etc/hyperledger/fabric-ca-server/IssuerPublicKey IssuerSecretKeyfile:/etc/hyperledger/fabric-ca-server/msp/keystore/IssuerSecretKey RevocationPublicKeyfile:/etc/hyperledger/fabric-ca-server/IssuerRevocationPublicKey RevocationPrivateKeyfile:/etc/hyperledger/fabric-ca-server/msp/keystore/IssuerRevocationPrivateKey RHPoolSize:100 NonceExpiration:15s NonceSweepInterval:15m}}
2023/08/06 12:55:22 [DEBUG] DB: Getting identity org1admin
2023/08/06 12:55:22 [DEBUG] DB: Login user org1admin with max enrollments of -1 and state of 0
2023/08/06 12:55:23 [DEBUG] DB: identity org1admin successfully logged in
2023/08/06 12:55:23 [DEBUG] DB: Getting identity org1admin
2023/08/06 12:55:23 [DEBUG] Requested expiry '0001-01-01 00:00:00 +0000 UTC' is before the CA certificate expiry '2023-08-06 12:50:00 +0000 UTC'. Will use CA cert expiry
2023/08/06 12:55:23 [DEBUG] Processing sign request: id=org1admin, CommonName=org1admin, Subject=<nil>
2023/08/06 12:55:23 [DEBUG] Request is not for a CA signing certificate
2023/08/06 12:55:23 [DEBUG] Checking CSR fields to make sure that they do not exceed maximum character limits
2023/08/06 12:55:23 [DEBUG] Finished processing sign request
2023/08/06 12:55:23 [DEBUG] DB: Getting identity org1admin
2023/08/06 12:55:23 [DEBUG] Attribute extension being added to certificate is: &{ID:[1 2 3 4 5 6 7 8 1] Critical:false Value:7b226174747273223a7b2268662e416666696c696174696f6e223a22222c2268662e456e726f6c6c6d656e744944223a226f72673161646d696e222c2268662e54797065223a2261646d696e227d7d}
2023/08/06 12:55:23 [DEBUG] Adding attribute extension to CSR: &{ID:[1 2 3 4 5 6 7 8 1] Critical:false Value:7b226174747273223a7b2268662e416666696c696174696f6e223a22222c2268662e456e726f6c6c6d656e744944223a226f72673161646d696e222c2268662e54797065223a2261646d696e227d7d}
2023/08/06 12:55:23 [INFO] signed certificate with serial number 724121850755092797319947690352306342192199761908
2023/08/06 12:55:23 [DEBUG] DB: Insert Certificate
2023/08/06 12:55:23 [DEBUG] Saved serial number as hex 7ed6bf2e2c89d1306b907a814b8fccf2e987fff4
2023/08/06 12:55:23 [DEBUG] saved certificate with serial number 724121850755092797319947690352306342192199761908
2023/08/06 12:55:23 [DEBUG] Successfully incremented state for identity org1admin to 1
2023/08/06 12:55:23 [INFO] 172.26.0.1:35452 POST /enroll 201 0 "OK"
2023/08/06 13:10:19 [DEBUG] Cleaning up expired nonces for CA 'ca-org1'
2023/08/06 13:25:19 [DEBUG] Cleaning up expired nonces for CA 'ca-org1'
